{
  "C:\\Users\\chere\\OneDrive\\Рабочий стол\\currency-tracker\\src\\components\\common\\ErrorFallback\\styled.ts": {
    "path": "C:\\Users\\chere\\OneDrive\\Рабочий стол\\currency-tracker\\src\\components\\common\\ErrorFallback\\styled.ts",
    "statementMap": {
      "0": {
        "start": {
          "line": 3,
          "column": 25
        },
        "end": {
          "line": 17,
          "column": 1
        }
      },
      "1": {
        "start": {
          "line": 4,
          "column": 32
        },
        "end": {
          "line": 4,
          "column": 65
        }
      },
      "2": {
        "start": {
          "line": 5,
          "column": 30
        },
        "end": {
          "line": 5,
          "column": 61
        }
      },
      "3": {
        "start": {
          "line": 6,
          "column": 26
        },
        "end": {
          "line": 6,
          "column": 44
        }
      },
      "4": {
        "start": {
          "line": 15,
          "column": 28
        },
        "end": {
          "line": 15,
          "column": 46
        }
      }
    },
    "fnMap": {
      "0": {
        "name": "(anonymous_0)",
        "decl": {
          "start": {
            "line": 4,
            "column": 17
          },
          "end": {
            "line": 4,
            "column": 18
          }
        },
        "loc": {
          "start": {
            "line": 4,
            "column": 32
          },
          "end": {
            "line": 4,
            "column": 65
          }
        },
        "line": 4
      },
      "1": {
        "name": "(anonymous_1)",
        "decl": {
          "start": {
            "line": 5,
            "column": 15
          },
          "end": {
            "line": 5,
            "column": 16
          }
        },
        "loc": {
          "start": {
            "line": 5,
            "column": 30
          },
          "end": {
            "line": 5,
            "column": 61
          }
        },
        "line": 5
      },
      "2": {
        "name": "(anonymous_2)",
        "decl": {
          "start": {
            "line": 6,
            "column": 11
          },
          "end": {
            "line": 6,
            "column": 12
          }
        },
        "loc": {
          "start": {
            "line": 6,
            "column": 26
          },
          "end": {
            "line": 6,
            "column": 44
          }
        },
        "line": 6
      },
      "3": {
        "name": "(anonymous_3)",
        "decl": {
          "start": {
            "line": 15,
            "column": 13
          },
          "end": {
            "line": 15,
            "column": 14
          }
        },
        "loc": {
          "start": {
            "line": 15,
            "column": 28
          },
          "end": {
            "line": 15,
            "column": 46
          }
        },
        "line": 15
      }
    },
    "branchMap": {},
    "s": {
      "0": 34,
      "1": 0,
      "2": 0,
      "3": 0,
      "4": 0
    },
    "f": {
      "0": 0,
      "1": 0,
      "2": 0,
      "3": 0
    },
    "b": {},
    "_coverageSchema": "1a1c01bbd47fc00a2c39e90264f33305004495a9",
    "hash": "3005bfcb8e441909245eb8c83a512aea82c397d8"
  },
  "C:\\Users\\chere\\OneDrive\\Рабочий стол\\currency-tracker\\src\\components\\common\\ErrorFallback\\ErrorFallback.tsx": {
    "path": "C:\\Users\\chere\\OneDrive\\Рабочий стол\\currency-tracker\\src\\components\\common\\ErrorFallback\\ErrorFallback.tsx",
    "statementMap": {
      "0": {
        "start": {
          "line": 7,
          "column": 29
        },
        "end": {
          "line": 20,
          "column": 1
        }
      },
      "1": {
        "start": {
          "line": 8,
          "column": 2
        },
        "end": {
          "line": 19,
          "column": 4
        }
      }
    },
    "fnMap": {
      "0": {
        "name": "(anonymous_0)",
        "decl": {
          "start": {
            "line": 7,
            "column": 29
          },
          "end": {
            "line": 7,
            "column": 30
          }
        },
        "loc": {
          "start": {
            "line": 7,
            "column": 71
          },
          "end": {
            "line": 20,
            "column": 1
          }
        },
        "line": 7
      }
    },
    "branchMap": {
      "0": {
        "loc": {
          "start": {
            "line": 10,
            "column": 7
          },
          "end": {
            "line": 17,
            "column": 7
          }
        },
        "type": "cond-expr",
        "locations": [
          {
            "start": {
              "line": 11,
              "column": 8
            },
            "end": {
              "line": 11,
              "column": 20
            }
          },
          {
            "start": {
              "line": 13,
              "column": 8
            },
            "end": {
              "line": 16,
              "column": 11
            }
          }
        ],
        "line": 10
      }
    },
    "s": {
      "0": 34,
      "1": 0
    },
    "f": {
      "0": 0
    },
    "b": {
      "0": [
        0,
        0
      ]
    },
    "_coverageSchema": "1a1c01bbd47fc00a2c39e90264f33305004495a9",
    "hash": "4c196f7bec7c50a9563819c5915236421cb71f9f"
  },
  "C:\\Users\\chere\\OneDrive\\Рабочий стол\\currency-tracker\\src\\components\\common\\ErrorBoundary\\ErrorBoundary.tsx": {
    "path": "C:\\Users\\chere\\OneDrive\\Рабочий стол\\currency-tracker\\src\\components\\common\\ErrorBoundary\\ErrorBoundary.tsx",
    "statementMap": {
      "0": {
        "start": {
          "line": 17,
          "column": 4
        },
        "end": {
          "line": 17,
          "column": 17
        }
      },
      "1": {
        "start": {
          "line": 18,
          "column": 4
        },
        "end": {
          "line": 18,
          "column": 83
        }
      },
      "2": {
        "start": {
          "line": 22,
          "column": 4
        },
        "end": {
          "line": 22,
          "column": 46
        }
      },
      "3": {
        "start": {
          "line": 23,
          "column": 4
        },
        "end": {
          "line": 25,
          "column": 5
        }
      },
      "4": {
        "start": {
          "line": 24,
          "column": 6
        },
        "end": {
          "line": 24,
          "column": 43
        }
      },
      "5": {
        "start": {
          "line": 29,
          "column": 4
        },
        "end": {
          "line": 29,
          "column": 44
        }
      },
      "6": {
        "start": {
          "line": 30,
          "column": 4
        },
        "end": {
          "line": 30,
          "column": 59
        }
      },
      "7": {
        "start": {
          "line": 34,
          "column": 4
        },
        "end": {
          "line": 36,
          "column": 5
        }
      },
      "8": {
        "start": {
          "line": 35,
          "column": 6
        },
        "end": {
          "line": 35,
          "column": 93
        }
      },
      "9": {
        "start": {
          "line": 38,
          "column": 4
        },
        "end": {
          "line": 38,
          "column": 31
        }
      }
    },
    "fnMap": {
      "0": {
        "name": "(anonymous_0)",
        "decl": {
          "start": {
            "line": 16,
            "column": 2
          },
          "end": {
            "line": 16,
            "column": 3
          }
        },
        "loc": {
          "start": {
            "line": 16,
            "column": 41
          },
          "end": {
            "line": 19,
            "column": 3
          }
        },
        "line": 16
      },
      "1": {
        "name": "(anonymous_1)",
        "decl": {
          "start": {
            "line": 21,
            "column": 2
          },
          "end": {
            "line": 21,
            "column": 3
          }
        },
        "loc": {
          "start": {
            "line": 21,
            "column": 62
          },
          "end": {
            "line": 26,
            "column": 3
          }
        },
        "line": 21
      },
      "2": {
        "name": "(anonymous_2)",
        "decl": {
          "start": {
            "line": 28,
            "column": 2
          },
          "end": {
            "line": 28,
            "column": 3
          }
        },
        "loc": {
          "start": {
            "line": 28,
            "column": 48
          },
          "end": {
            "line": 31,
            "column": 3
          }
        },
        "line": 28
      },
      "3": {
        "name": "(anonymous_3)",
        "decl": {
          "start": {
            "line": 33,
            "column": 2
          },
          "end": {
            "line": 33,
            "column": 3
          }
        },
        "loc": {
          "start": {
            "line": 33,
            "column": 22
          },
          "end": {
            "line": 39,
            "column": 3
          }
        },
        "line": 33
      }
    },
    "branchMap": {
      "0": {
        "loc": {
          "start": {
            "line": 23,
            "column": 4
          },
          "end": {
            "line": 25,
            "column": 5
          }
        },
        "type": "if",
        "locations": [
          {
            "start": {
              "line": 23,
              "column": 4
            },
            "end": {
              "line": 25,
              "column": 5
            }
          },
          {
            "start": {},
            "end": {}
          }
        ],
        "line": 23
      },
      "1": {
        "loc": {
          "start": {
            "line": 34,
            "column": 4
          },
          "end": {
            "line": 36,
            "column": 5
          }
        },
        "type": "if",
        "locations": [
          {
            "start": {
              "line": 34,
              "column": 4
            },
            "end": {
              "line": 36,
              "column": 5
            }
          },
          {
            "start": {},
            "end": {}
          }
        ],
        "line": 34
      },
      "2": {
        "loc": {
          "start": {
            "line": 35,
            "column": 13
          },
          "end": {
            "line": 35,
            "column": 92
          }
        },
        "type": "binary-expr",
        "locations": [
          {
            "start": {
              "line": 35,
              "column": 13
            },
            "end": {
              "line": 35,
              "column": 32
            }
          },
          {
            "start": {
              "line": 35,
              "column": 36
            },
            "end": {
              "line": 35,
              "column": 92
            }
          }
        ],
        "line": 35
      }
    },
    "s": {
      "0": 68,
      "1": 68,
      "2": 0,
      "3": 0,
      "4": 0,
      "5": 0,
      "6": 0,
      "7": 68,
      "8": 0,
      "9": 68
    },
    "f": {
      "0": 68,
      "1": 0,
      "2": 0,
      "3": 68
    },
    "b": {
      "0": [
        0,
        0
      ],
      "1": [
        0,
        68
      ],
      "2": [
        0,
        0
      ]
    },
    "_coverageSchema": "1a1c01bbd47fc00a2c39e90264f33305004495a9",
    "hash": "e74c23804516ac8e06384c0b3034ad94ebe38276"
  },
  "C:\\Users\\chere\\OneDrive\\Рабочий стол\\currency-tracker\\src\\components\\common\\ScrollToTop\\ScrollToTop.tsx": {
    "path": "C:\\Users\\chere\\OneDrive\\Рабочий стол\\currency-tracker\\src\\components\\common\\ScrollToTop\\ScrollToTop.tsx",
    "statementMap": {
      "0": {
        "start": {
          "line": 4,
          "column": 27
        },
        "end": {
          "line": 12,
          "column": 1
        }
      },
      "1": {
        "start": {
          "line": 5,
          "column": 23
        },
        "end": {
          "line": 5,
          "column": 36
        }
      },
      "2": {
        "start": {
          "line": 7,
          "column": 2
        },
        "end": {
          "line": 9,
          "column": 17
        }
      },
      "3": {
        "start": {
          "line": 8,
          "column": 4
        },
        "end": {
          "line": 8,
          "column": 53
        }
      },
      "4": {
        "start": {
          "line": 11,
          "column": 2
        },
        "end": {
          "line": 11,
          "column": 14
        }
      }
    },
    "fnMap": {
      "0": {
        "name": "(anonymous_0)",
        "decl": {
          "start": {
            "line": 4,
            "column": 27
          },
          "end": {
            "line": 4,
            "column": 28
          }
        },
        "loc": {
          "start": {
            "line": 4,
            "column": 33
          },
          "end": {
            "line": 12,
            "column": 1
          }
        },
        "line": 4
      },
      "1": {
        "name": "(anonymous_1)",
        "decl": {
          "start": {
            "line": 7,
            "column": 12
          },
          "end": {
            "line": 7,
            "column": 13
          }
        },
        "loc": {
          "start": {
            "line": 7,
            "column": 18
          },
          "end": {
            "line": 9,
            "column": 3
          }
        },
        "line": 7
      }
    },
    "branchMap": {},
    "s": {
      "0": 34,
      "1": 82,
      "2": 82,
      "3": 75,
      "4": 82
    },
    "f": {
      "0": 82,
      "1": 75
    },
    "b": {},
    "_coverageSchema": "1a1c01bbd47fc00a2c39e90264f33305004495a9",
    "hash": "89f1b8f393de8c20f1e9e0e7a163982a14f46be2"
  },
  "C:\\Users\\chere\\OneDrive\\Рабочий стол\\currency-tracker\\src\\styles\\GlobalStyle.ts": {
    "path": "C:\\Users\\chere\\OneDrive\\Рабочий стол\\currency-tracker\\src\\styles\\GlobalStyle.ts",
    "statementMap": {
      "0": {
        "start": {
          "line": 3,
          "column": 27
        },
        "end": {
          "line": 49,
          "column": 1
        }
      },
      "1": {
        "start": {
          "line": 8,
          "column": 32
        },
        "end": {
          "line": 8,
          "column": 67
        }
      },
      "2": {
        "start": {
          "line": 12,
          "column": 37
        },
        "end": {
          "line": 12,
          "column": 61
        }
      },
      "3": {
        "start": {
          "line": 22,
          "column": 26
        },
        "end": {
          "line": 22,
          "column": 44
        }
      },
      "4": {
        "start": {
          "line": 42,
          "column": 31
        },
        "end": {
          "line": 42,
          "column": 55
        }
      },
      "5": {
        "start": {
          "line": 47,
          "column": 31
        },
        "end": {
          "line": 47,
          "column": 52
        }
      },
      "6": {
        "start": {
          "line": 51,
          "column": 25
        },
        "end": {
          "line": 55,
          "column": 1
        }
      }
    },
    "fnMap": {
      "0": {
        "name": "(anonymous_0)",
        "decl": {
          "start": {
            "line": 8,
            "column": 17
          },
          "end": {
            "line": 8,
            "column": 18
          }
        },
        "loc": {
          "start": {
            "line": 8,
            "column": 32
          },
          "end": {
            "line": 8,
            "column": 67
          }
        },
        "line": 8
      },
      "1": {
        "name": "(anonymous_1)",
        "decl": {
          "start": {
            "line": 12,
            "column": 22
          },
          "end": {
            "line": 12,
            "column": 23
          }
        },
        "loc": {
          "start": {
            "line": 12,
            "column": 37
          },
          "end": {
            "line": 12,
            "column": 61
          }
        },
        "line": 12
      },
      "2": {
        "name": "(anonymous_2)",
        "decl": {
          "start": {
            "line": 22,
            "column": 11
          },
          "end": {
            "line": 22,
            "column": 12
          }
        },
        "loc": {
          "start": {
            "line": 22,
            "column": 26
          },
          "end": {
            "line": 22,
            "column": 44
          }
        },
        "line": 22
      },
      "3": {
        "name": "(anonymous_3)",
        "decl": {
          "start": {
            "line": 42,
            "column": 16
          },
          "end": {
            "line": 42,
            "column": 17
          }
        },
        "loc": {
          "start": {
            "line": 42,
            "column": 31
          },
          "end": {
            "line": 42,
            "column": 55
          }
        },
        "line": 42
      },
      "4": {
        "name": "(anonymous_4)",
        "decl": {
          "start": {
            "line": 47,
            "column": 16
          },
          "end": {
            "line": 47,
            "column": 17
          }
        },
        "loc": {
          "start": {
            "line": 47,
            "column": 31
          },
          "end": {
            "line": 47,
            "column": 52
          }
        },
        "line": 47
      }
    },
    "branchMap": {},
    "s": {
      "0": 34,
      "1": 72,
      "2": 72,
      "3": 72,
      "4": 72,
      "5": 72,
      "6": 34
    },
    "f": {
      "0": 72,
      "1": 72,
      "2": 72,
      "3": 72,
      "4": 72
    },
    "b": {},
    "_coverageSchema": "1a1c01bbd47fc00a2c39e90264f33305004495a9",
    "hash": "9874284d4e0a45a314be376fb2ef6a89845ea9b2"
  },
  "C:\\Users\\chere\\OneDrive\\Рабочий стол\\currency-tracker\\src\\components\\common\\Banner\\styled.ts": {
    "path": "C:\\Users\\chere\\OneDrive\\Рабочий стол\\currency-tracker\\src\\components\\common\\Banner\\styled.ts",
    "statementMap": {
      "0": {
        "start": {
          "line": 3,
          "column": 29
        },
        "end": {
          "line": 13,
          "column": 1
        }
      },
      "1": {
        "start": {
          "line": 4,
          "column": 28
        },
        "end": {
          "line": 4,
          "column": 44
        }
      },
      "2": {
        "start": {
          "line": 7,
          "column": 21
        },
        "end": {
          "line": 7,
          "column": 43
        }
      },
      "3": {
        "start": {
          "line": 8,
          "column": 21
        },
        "end": {
          "line": 8,
          "column": 43
        }
      },
      "4": {
        "start": {
          "line": 9,
          "column": 21
        },
        "end": {
          "line": 9,
          "column": 43
        }
      },
      "5": {
        "start": {
          "line": 10,
          "column": 21
        },
        "end": {
          "line": 10,
          "column": 43
        }
      },
      "6": {
        "start": {
          "line": 15,
          "column": 29
        },
        "end": {
          "line": 18,
          "column": 1
        }
      },
      "7": {
        "start": {
          "line": 20,
          "column": 29
        },
        "end": {
          "line": 29,
          "column": 1
        }
      },
      "8": {
        "start": {
          "line": 23,
          "column": 24
        },
        "end": {
          "line": 23,
          "column": 40
        }
      },
      "9": {
        "start": {
          "line": 27,
          "column": 26
        },
        "end": {
          "line": 27,
          "column": 42
        }
      },
      "10": {
        "start": {
          "line": 31,
          "column": 27
        },
        "end": {
          "line": 41,
          "column": 1
        }
      },
      "11": {
        "start": {
          "line": 43,
          "column": 27
        },
        "end": {
          "line": 83,
          "column": 1
        }
      },
      "12": {
        "start": {
          "line": 46,
          "column": 21
        },
        "end": {
          "line": 46,
          "column": 43
        }
      },
      "13": {
        "start": {
          "line": 47,
          "column": 21
        },
        "end": {
          "line": 47,
          "column": 43
        }
      },
      "14": {
        "start": {
          "line": 48,
          "column": 21
        },
        "end": {
          "line": 48,
          "column": 42
        }
      },
      "15": {
        "start": {
          "line": 53,
          "column": 32
        },
        "end": {
          "line": 53,
          "column": 68
        }
      },
      "16": {
        "start": {
          "line": 58,
          "column": 33
        },
        "end": {
          "line": 58,
          "column": 50
        }
      },
      "17": {
        "start": {
          "line": 59,
          "column": 30
        },
        "end": {
          "line": 59,
          "column": 62
        }
      },
      "18": {
        "start": {
          "line": 63,
          "column": 32
        },
        "end": {
          "line": 63,
          "column": 64
        }
      },
      "19": {
        "start": {
          "line": 67,
          "column": 32
        },
        "end": {
          "line": 67,
          "column": 64
        }
      },
      "20": {
        "start": {
          "line": 71,
          "column": 34
        },
        "end": {
          "line": 71,
          "column": 66
        }
      },
      "21": {
        "start": {
          "line": 76,
          "column": 32
        },
        "end": {
          "line": 76,
          "column": 64
        }
      },
      "22": {
        "start": {
          "line": 80,
          "column": 34
        },
        "end": {
          "line": 80,
          "column": 66
        }
      },
      "23": {
        "start": {
          "line": 85,
          "column": 26
        },
        "end": {
          "line": 105,
          "column": 1
        }
      },
      "24": {
        "start": {
          "line": 86,
          "column": 32
        },
        "end": {
          "line": 86,
          "column": 65
        }
      },
      "25": {
        "start": {
          "line": 87,
          "column": 30
        },
        "end": {
          "line": 87,
          "column": 62
        }
      },
      "26": {
        "start": {
          "line": 88,
          "column": 26
        },
        "end": {
          "line": 88,
          "column": 45
        }
      },
      "27": {
        "start": {
          "line": 96,
          "column": 32
        },
        "end": {
          "line": 96,
          "column": 63
        }
      },
      "28": {
        "start": {
          "line": 103,
          "column": 32
        },
        "end": {
          "line": 103,
          "column": 64
        }
      }
    },
    "fnMap": {
      "0": {
        "name": "(anonymous_0)",
        "decl": {
          "start": {
            "line": 4,
            "column": 13
          },
          "end": {
            "line": 4,
            "column": 14
          }
        },
        "loc": {
          "start": {
            "line": 4,
            "column": 28
          },
          "end": {
            "line": 4,
            "column": 44
          }
        },
        "line": 4
      },
      "1": {
        "name": "(anonymous_1)",
        "decl": {
          "start": {
            "line": 7,
            "column": 6
          },
          "end": {
            "line": 7,
            "column": 7
          }
        },
        "loc": {
          "start": {
            "line": 7,
            "column": 21
          },
          "end": {
            "line": 7,
            "column": 43
          }
        },
        "line": 7
      },
      "2": {
        "name": "(anonymous_2)",
        "decl": {
          "start": {
            "line": 8,
            "column": 6
          },
          "end": {
            "line": 8,
            "column": 7
          }
        },
        "loc": {
          "start": {
            "line": 8,
            "column": 21
          },
          "end": {
            "line": 8,
            "column": 43
          }
        },
        "line": 8
      },
      "3": {
        "name": "(anonymous_3)",
        "decl": {
          "start": {
            "line": 9,
            "column": 6
          },
          "end": {
            "line": 9,
            "column": 7
          }
        },
        "loc": {
          "start": {
            "line": 9,
            "column": 21
          },
          "end": {
            "line": 9,
            "column": 43
          }
        },
        "line": 9
      },
      "4": {
        "name": "(anonymous_4)",
        "decl": {
          "start": {
            "line": 10,
            "column": 6
          },
          "end": {
            "line": 10,
            "column": 7
          }
        },
        "loc": {
          "start": {
            "line": 10,
            "column": 21
          },
          "end": {
            "line": 10,
            "column": 43
          }
        },
        "line": 10
      },
      "5": {
        "name": "(anonymous_5)",
        "decl": {
          "start": {
            "line": 23,
            "column": 9
          },
          "end": {
            "line": 23,
            "column": 10
          }
        },
        "loc": {
          "start": {
            "line": 23,
            "column": 24
          },
          "end": {
            "line": 23,
            "column": 40
          }
        },
        "line": 23
      },
      "6": {
        "name": "(anonymous_6)",
        "decl": {
          "start": {
            "line": 27,
            "column": 11
          },
          "end": {
            "line": 27,
            "column": 12
          }
        },
        "loc": {
          "start": {
            "line": 27,
            "column": 26
          },
          "end": {
            "line": 27,
            "column": 42
          }
        },
        "line": 27
      },
      "7": {
        "name": "(anonymous_7)",
        "decl": {
          "start": {
            "line": 46,
            "column": 6
          },
          "end": {
            "line": 46,
            "column": 7
          }
        },
        "loc": {
          "start": {
            "line": 46,
            "column": 21
          },
          "end": {
            "line": 46,
            "column": 43
          }
        },
        "line": 46
      },
      "8": {
        "name": "(anonymous_8)",
        "decl": {
          "start": {
            "line": 47,
            "column": 6
          },
          "end": {
            "line": 47,
            "column": 7
          }
        },
        "loc": {
          "start": {
            "line": 47,
            "column": 21
          },
          "end": {
            "line": 47,
            "column": 43
          }
        },
        "line": 47
      },
      "9": {
        "name": "(anonymous_9)",
        "decl": {
          "start": {
            "line": 48,
            "column": 6
          },
          "end": {
            "line": 48,
            "column": 7
          }
        },
        "loc": {
          "start": {
            "line": 48,
            "column": 21
          },
          "end": {
            "line": 48,
            "column": 42
          }
        },
        "line": 48
      },
      "10": {
        "name": "(anonymous_10)",
        "decl": {
          "start": {
            "line": 53,
            "column": 17
          },
          "end": {
            "line": 53,
            "column": 18
          }
        },
        "loc": {
          "start": {
            "line": 53,
            "column": 32
          },
          "end": {
            "line": 53,
            "column": 68
          }
        },
        "line": 53
      },
      "11": {
        "name": "(anonymous_11)",
        "decl": {
          "start": {
            "line": 58,
            "column": 18
          },
          "end": {
            "line": 58,
            "column": 19
          }
        },
        "loc": {
          "start": {
            "line": 58,
            "column": 33
          },
          "end": {
            "line": 58,
            "column": 50
          }
        },
        "line": 58
      },
      "12": {
        "name": "(anonymous_12)",
        "decl": {
          "start": {
            "line": 59,
            "column": 15
          },
          "end": {
            "line": 59,
            "column": 16
          }
        },
        "loc": {
          "start": {
            "line": 59,
            "column": 30
          },
          "end": {
            "line": 59,
            "column": 62
          }
        },
        "line": 59
      },
      "13": {
        "name": "(anonymous_13)",
        "decl": {
          "start": {
            "line": 63,
            "column": 17
          },
          "end": {
            "line": 63,
            "column": 18
          }
        },
        "loc": {
          "start": {
            "line": 63,
            "column": 32
          },
          "end": {
            "line": 63,
            "column": 64
          }
        },
        "line": 63
      },
      "14": {
        "name": "(anonymous_14)",
        "decl": {
          "start": {
            "line": 67,
            "column": 17
          },
          "end": {
            "line": 67,
            "column": 18
          }
        },
        "loc": {
          "start": {
            "line": 67,
            "column": 32
          },
          "end": {
            "line": 67,
            "column": 64
          }
        },
        "line": 67
      },
      "15": {
        "name": "(anonymous_15)",
        "decl": {
          "start": {
            "line": 71,
            "column": 19
          },
          "end": {
            "line": 71,
            "column": 20
          }
        },
        "loc": {
          "start": {
            "line": 71,
            "column": 34
          },
          "end": {
            "line": 71,
            "column": 66
          }
        },
        "line": 71
      },
      "16": {
        "name": "(anonymous_16)",
        "decl": {
          "start": {
            "line": 76,
            "column": 17
          },
          "end": {
            "line": 76,
            "column": 18
          }
        },
        "loc": {
          "start": {
            "line": 76,
            "column": 32
          },
          "end": {
            "line": 76,
            "column": 64
          }
        },
        "line": 76
      },
      "17": {
        "name": "(anonymous_17)",
        "decl": {
          "start": {
            "line": 80,
            "column": 19
          },
          "end": {
            "line": 80,
            "column": 20
          }
        },
        "loc": {
          "start": {
            "line": 80,
            "column": 34
          },
          "end": {
            "line": 80,
            "column": 66
          }
        },
        "line": 80
      },
      "18": {
        "name": "(anonymous_18)",
        "decl": {
          "start": {
            "line": 86,
            "column": 17
          },
          "end": {
            "line": 86,
            "column": 18
          }
        },
        "loc": {
          "start": {
            "line": 86,
            "column": 32
          },
          "end": {
            "line": 86,
            "column": 65
          }
        },
        "line": 86
      },
      "19": {
        "name": "(anonymous_19)",
        "decl": {
          "start": {
            "line": 87,
            "column": 15
          },
          "end": {
            "line": 87,
            "column": 16
          }
        },
        "loc": {
          "start": {
            "line": 87,
            "column": 30
          },
          "end": {
            "line": 87,
            "column": 62
          }
        },
        "line": 87
      },
      "20": {
        "name": "(anonymous_20)",
        "decl": {
          "start": {
            "line": 88,
            "column": 11
          },
          "end": {
            "line": 88,
            "column": 12
          }
        },
        "loc": {
          "start": {
            "line": 88,
            "column": 26
          },
          "end": {
            "line": 88,
            "column": 45
          }
        },
        "line": 88
      },
      "21": {
        "name": "(anonymous_21)",
        "decl": {
          "start": {
            "line": 96,
            "column": 17
          },
          "end": {
            "line": 96,
            "column": 18
          }
        },
        "loc": {
          "start": {
            "line": 96,
            "column": 32
          },
          "end": {
            "line": 96,
            "column": 63
          }
        },
        "line": 96
      },
      "22": {
        "name": "(anonymous_22)",
        "decl": {
          "start": {
            "line": 103,
            "column": 17
          },
          "end": {
            "line": 103,
            "column": 18
          }
        },
        "loc": {
          "start": {
            "line": 103,
            "column": 32
          },
          "end": {
            "line": 103,
            "column": 64
          }
        },
        "line": 103
      }
    },
    "branchMap": {},
    "s": {
      "0": 34,
      "1": 90,
      "2": 90,
      "3": 90,
      "4": 90,
      "5": 90,
      "6": 34,
      "7": 34,
      "8": 90,
      "9": 90,
      "10": 34,
      "11": 34,
      "12": 90,
      "13": 90,
      "14": 90,
      "15": 90,
      "16": 90,
      "17": 90,
      "18": 90,
      "19": 90,
      "20": 90,
      "21": 90,
      "22": 90,
      "23": 34,
      "24": 90,
      "25": 90,
      "26": 90,
      "27": 90,
      "28": 90
    },
    "f": {
      "0": 90,
      "1": 90,
      "2": 90,
      "3": 90,
      "4": 90,
      "5": 90,
      "6": 90,
      "7": 90,
      "8": 90,
      "9": 90,
      "10": 90,
      "11": 90,
      "12": 90,
      "13": 90,
      "14": 90,
      "15": 90,
      "16": 90,
      "17": 90,
      "18": 90,
      "19": 90,
      "20": 90,
      "21": 90,
      "22": 90
    },
    "b": {},
    "_coverageSchema": "1a1c01bbd47fc00a2c39e90264f33305004495a9",
    "hash": "fa4fe9087b1b0dab4ba780fb9ac95b108ff74c7d"
  },
  "C:\\Users\\chere\\OneDrive\\Рабочий стол\\currency-tracker\\src\\components\\common\\Banner\\Banner.tsx": {
    "path": "C:\\Users\\chere\\OneDrive\\Рабочий стол\\currency-tracker\\src\\components\\common\\Banner\\Banner.tsx",
    "statementMap": {
      "0": {
        "start": {
          "line": 12,
          "column": 22
        },
        "end": {
          "line": 31,
          "column": 1
        }
      },
      "1": {
        "start": {
          "line": 13,
          "column": 2
        },
        "end": {
          "line": 30,
          "column": 4
        }
      }
    },
    "fnMap": {
      "0": {
        "name": "(anonymous_0)",
        "decl": {
          "start": {
            "line": 12,
            "column": 22
          },
          "end": {
            "line": 12,
            "column": 23
          }
        },
        "loc": {
          "start": {
            "line": 12,
            "column": 28
          },
          "end": {
            "line": 31,
            "column": 1
          }
        },
        "line": 12
      }
    },
    "branchMap": {},
    "s": {
      "0": 34,
      "1": 82
    },
    "f": {
      "0": 82
    },
    "b": {},
    "_coverageSchema": "1a1c01bbd47fc00a2c39e90264f33305004495a9",
    "hash": "6c356ef313fdb5f0e23a8c2c7e71dc8966813eec"
  },
  "C:\\Users\\chere\\OneDrive\\Рабочий стол\\currency-tracker\\src\\constants\\dates.ts": {
    "path": "C:\\Users\\chere\\OneDrive\\Рабочий стол\\currency-tracker\\src\\constants\\dates.ts",
    "statementMap": {
      "0": {
        "start": {
          "line": 1,
          "column": 28
        },
        "end": {
          "line": 1,
          "column": 52
        }
      }
    },
    "fnMap": {},
    "branchMap": {},
    "s": {
      "0": 34
    },
    "f": {},
    "b": {},
    "_coverageSchema": "1a1c01bbd47fc00a2c39e90264f33305004495a9",
    "hash": "5e49bd4ad3f79f973b1fc592498ffbaa1a509727"
  },
  "C:\\Users\\chere\\OneDrive\\Рабочий стол\\currency-tracker\\src\\constants\\footerMenus.ts": {
    "path": "C:\\Users\\chere\\OneDrive\\Рабочий стол\\currency-tracker\\src\\constants\\footerMenus.ts",
    "statementMap": {
      "0": {
        "start": {
          "line": 1,
          "column": 28
        },
        "end": {
          "line": 41,
          "column": 1
        }
      }
    },
    "fnMap": {},
    "branchMap": {},
    "s": {
      "0": 34
    },
    "f": {},
    "b": {},
    "_coverageSchema": "1a1c01bbd47fc00a2c39e90264f33305004495a9",
    "hash": "37c16f579b334f019c1e7ae0ce83ec98b5e6a665"
  },
  "C:\\Users\\chere\\OneDrive\\Рабочий стол\\currency-tracker\\src\\components\\common\\Footer\\styled.ts": {
    "path": "C:\\Users\\chere\\OneDrive\\Рабочий стол\\currency-tracker\\src\\components\\common\\Footer\\styled.ts",
    "statementMap": {
      "0": {
        "start": {
          "line": 5,
          "column": 31
        },
        "end": {
          "line": 8,
          "column": 1
        }
      },
      "1": {
        "start": {
          "line": 6,
          "column": 37
        },
        "end": {
          "line": 6,
          "column": 61
        }
      },
      "2": {
        "start": {
          "line": 7,
          "column": 28
        },
        "end": {
          "line": 7,
          "column": 45
        }
      },
      "3": {
        "start": {
          "line": 7,
          "column": 66
        },
        "end": {
          "line": 7,
          "column": 83
        }
      },
      "4": {
        "start": {
          "line": 10,
          "column": 29
        },
        "end": {
          "line": 18,
          "column": 1
        }
      },
      "5": {
        "start": {
          "line": 13,
          "column": 24
        },
        "end": {
          "line": 13,
          "column": 41
        }
      },
      "6": {
        "start": {
          "line": 16,
          "column": 26
        },
        "end": {
          "line": 16,
          "column": 42
        }
      },
      "7": {
        "start": {
          "line": 20,
          "column": 25
        },
        "end": {
          "line": 34,
          "column": 1
        }
      },
      "8": {
        "start": {
          "line": 23,
          "column": 24
        },
        "end": {
          "line": 23,
          "column": 41
        }
      },
      "9": {
        "start": {
          "line": 32,
          "column": 26
        },
        "end": {
          "line": 32,
          "column": 42
        }
      },
      "10": {
        "start": {
          "line": 36,
          "column": 31
        },
        "end": {
          "line": 46,
          "column": 1
        }
      },
      "11": {
        "start": {
          "line": 39,
          "column": 24
        },
        "end": {
          "line": 39,
          "column": 40
        }
      },
      "12": {
        "start": {
          "line": 48,
          "column": 38
        },
        "end": {
          "line": 58,
          "column": 1
        }
      },
      "13": {
        "start": {
          "line": 51,
          "column": 24
        },
        "end": {
          "line": 51,
          "column": 40
        }
      },
      "14": {
        "start": {
          "line": 60,
          "column": 31
        },
        "end": {
          "line": 76,
          "column": 1
        }
      },
      "15": {
        "start": {
          "line": 63,
          "column": 21
        },
        "end": {
          "line": 63,
          "column": 43
        }
      },
      "16": {
        "start": {
          "line": 64,
          "column": 21
        },
        "end": {
          "line": 64,
          "column": 43
        }
      },
      "17": {
        "start": {
          "line": 65,
          "column": 21
        },
        "end": {
          "line": 65,
          "column": 42
        }
      },
      "18": {
        "start": {
          "line": 70,
          "column": 32
        },
        "end": {
          "line": 70,
          "column": 68
        }
      },
      "19": {
        "start": {
          "line": 71,
          "column": 30
        },
        "end": {
          "line": 71,
          "column": 62
        }
      },
      "20": {
        "start": {
          "line": 74,
          "column": 32
        },
        "end": {
          "line": 74,
          "column": 63
        }
      },
      "21": {
        "start": {
          "line": 78,
          "column": 30
        },
        "end": {
          "line": 86,
          "column": 1
        }
      },
      "22": {
        "start": {
          "line": 79,
          "column": 32
        },
        "end": {
          "line": 79,
          "column": 65
        }
      },
      "23": {
        "start": {
          "line": 80,
          "column": 30
        },
        "end": {
          "line": 80,
          "column": 62
        }
      },
      "24": {
        "start": {
          "line": 81,
          "column": 26
        },
        "end": {
          "line": 81,
          "column": 45
        }
      },
      "25": {
        "start": {
          "line": 88,
          "column": 34
        },
        "end": {
          "line": 98,
          "column": 1
        }
      },
      "26": {
        "start": {
          "line": 91,
          "column": 24
        },
        "end": {
          "line": 91,
          "column": 41
        }
      },
      "27": {
        "start": {
          "line": 100,
          "column": 26
        },
        "end": {
          "line": 111,
          "column": 1
        }
      },
      "28": {
        "start": {
          "line": 103,
          "column": 24
        },
        "end": {
          "line": 103,
          "column": 40
        }
      },
      "29": {
        "start": {
          "line": 108,
          "column": 26
        },
        "end": {
          "line": 108,
          "column": 42
        }
      },
      "30": {
        "start": {
          "line": 113,
          "column": 31
        },
        "end": {
          "line": 137,
          "column": 1
        }
      },
      "31": {
        "start": {
          "line": 114,
          "column": 32
        },
        "end": {
          "line": 114,
          "column": 67
        }
      },
      "32": {
        "start": {
          "line": 115,
          "column": 30
        },
        "end": {
          "line": 115,
          "column": 62
        }
      },
      "33": {
        "start": {
          "line": 116,
          "column": 26
        },
        "end": {
          "line": 116,
          "column": 45
        }
      },
      "34": {
        "start": {
          "line": 122,
          "column": 32
        },
        "end": {
          "line": 122,
          "column": 63
        }
      },
      "35": {
        "start": {
          "line": 123,
          "column": 30
        },
        "end": {
          "line": 123,
          "column": 46
        }
      },
      "36": {
        "start": {
          "line": 139,
          "column": 33
        },
        "end": {
          "line": 161,
          "column": 1
        }
      },
      "37": {
        "start": {
          "line": 142,
          "column": 24
        },
        "end": {
          "line": 142,
          "column": 41
        }
      },
      "38": {
        "start": {
          "line": 147,
          "column": 39
        },
        "end": {
          "line": 147,
          "column": 55
        }
      },
      "39": {
        "start": {
          "line": 163,
          "column": 30
        },
        "end": {
          "line": 165,
          "column": 1
        }
      },
      "40": {
        "start": {
          "line": 167,
          "column": 30
        },
        "end": {
          "line": 181,
          "column": 1
        }
      },
      "41": {
        "start": {
          "line": 168,
          "column": 32
        },
        "end": {
          "line": 168,
          "column": 67
        }
      },
      "42": {
        "start": {
          "line": 169,
          "column": 30
        },
        "end": {
          "line": 169,
          "column": 62
        }
      },
      "43": {
        "start": {
          "line": 170,
          "column": 26
        },
        "end": {
          "line": 170,
          "column": 45
        }
      },
      "44": {
        "start": {
          "line": 174,
          "column": 28
        },
        "end": {
          "line": 174,
          "column": 47
        }
      },
      "45": {
        "start": {
          "line": 178,
          "column": 32
        },
        "end": {
          "line": 178,
          "column": 63
        }
      },
      "46": {
        "start": {
          "line": 183,
          "column": 32
        },
        "end": {
          "line": 193,
          "column": 1
        }
      },
      "47": {
        "start": {
          "line": 184,
          "column": 32
        },
        "end": {
          "line": 184,
          "column": 65
        }
      },
      "48": {
        "start": {
          "line": 185,
          "column": 32
        },
        "end": {
          "line": 185,
          "column": 67
        }
      },
      "49": {
        "start": {
          "line": 186,
          "column": 30
        },
        "end": {
          "line": 186,
          "column": 62
        }
      },
      "50": {
        "start": {
          "line": 187,
          "column": 26
        },
        "end": {
          "line": 187,
          "column": 45
        }
      },
      "51": {
        "start": {
          "line": 191,
          "column": 32
        },
        "end": {
          "line": 191,
          "column": 63
        }
      }
    },
    "fnMap": {
      "0": {
        "name": "(anonymous_0)",
        "decl": {
          "start": {
            "line": 6,
            "column": 22
          },
          "end": {
            "line": 6,
            "column": 23
          }
        },
        "loc": {
          "start": {
            "line": 6,
            "column": 37
          },
          "end": {
            "line": 6,
            "column": 61
          }
        },
        "line": 6
      },
      "1": {
        "name": "(anonymous_1)",
        "decl": {
          "start": {
            "line": 7,
            "column": 13
          },
          "end": {
            "line": 7,
            "column": 14
          }
        },
        "loc": {
          "start": {
            "line": 7,
            "column": 28
          },
          "end": {
            "line": 7,
            "column": 45
          }
        },
        "line": 7
      },
      "2": {
        "name": "(anonymous_2)",
        "decl": {
          "start": {
            "line": 7,
            "column": 51
          },
          "end": {
            "line": 7,
            "column": 52
          }
        },
        "loc": {
          "start": {
            "line": 7,
            "column": 66
          },
          "end": {
            "line": 7,
            "column": 83
          }
        },
        "line": 7
      },
      "3": {
        "name": "(anonymous_3)",
        "decl": {
          "start": {
            "line": 13,
            "column": 9
          },
          "end": {
            "line": 13,
            "column": 10
          }
        },
        "loc": {
          "start": {
            "line": 13,
            "column": 24
          },
          "end": {
            "line": 13,
            "column": 41
          }
        },
        "line": 13
      },
      "4": {
        "name": "(anonymous_4)",
        "decl": {
          "start": {
            "line": 16,
            "column": 11
          },
          "end": {
            "line": 16,
            "column": 12
          }
        },
        "loc": {
          "start": {
            "line": 16,
            "column": 26
          },
          "end": {
            "line": 16,
            "column": 42
          }
        },
        "line": 16
      },
      "5": {
        "name": "(anonymous_5)",
        "decl": {
          "start": {
            "line": 23,
            "column": 9
          },
          "end": {
            "line": 23,
            "column": 10
          }
        },
        "loc": {
          "start": {
            "line": 23,
            "column": 24
          },
          "end": {
            "line": 23,
            "column": 41
          }
        },
        "line": 23
      },
      "6": {
        "name": "(anonymous_6)",
        "decl": {
          "start": {
            "line": 32,
            "column": 11
          },
          "end": {
            "line": 32,
            "column": 12
          }
        },
        "loc": {
          "start": {
            "line": 32,
            "column": 26
          },
          "end": {
            "line": 32,
            "column": 42
          }
        },
        "line": 32
      },
      "7": {
        "name": "(anonymous_7)",
        "decl": {
          "start": {
            "line": 39,
            "column": 9
          },
          "end": {
            "line": 39,
            "column": 10
          }
        },
        "loc": {
          "start": {
            "line": 39,
            "column": 24
          },
          "end": {
            "line": 39,
            "column": 40
          }
        },
        "line": 39
      },
      "8": {
        "name": "(anonymous_8)",
        "decl": {
          "start": {
            "line": 51,
            "column": 9
          },
          "end": {
            "line": 51,
            "column": 10
          }
        },
        "loc": {
          "start": {
            "line": 51,
            "column": 24
          },
          "end": {
            "line": 51,
            "column": 40
          }
        },
        "line": 51
      },
      "9": {
        "name": "(anonymous_9)",
        "decl": {
          "start": {
            "line": 63,
            "column": 6
          },
          "end": {
            "line": 63,
            "column": 7
          }
        },
        "loc": {
          "start": {
            "line": 63,
            "column": 21
          },
          "end": {
            "line": 63,
            "column": 43
          }
        },
        "line": 63
      },
      "10": {
        "name": "(anonymous_10)",
        "decl": {
          "start": {
            "line": 64,
            "column": 6
          },
          "end": {
            "line": 64,
            "column": 7
          }
        },
        "loc": {
          "start": {
            "line": 64,
            "column": 21
          },
          "end": {
            "line": 64,
            "column": 43
          }
        },
        "line": 64
      },
      "11": {
        "name": "(anonymous_11)",
        "decl": {
          "start": {
            "line": 65,
            "column": 6
          },
          "end": {
            "line": 65,
            "column": 7
          }
        },
        "loc": {
          "start": {
            "line": 65,
            "column": 21
          },
          "end": {
            "line": 65,
            "column": 42
          }
        },
        "line": 65
      },
      "12": {
        "name": "(anonymous_12)",
        "decl": {
          "start": {
            "line": 70,
            "column": 17
          },
          "end": {
            "line": 70,
            "column": 18
          }
        },
        "loc": {
          "start": {
            "line": 70,
            "column": 32
          },
          "end": {
            "line": 70,
            "column": 68
          }
        },
        "line": 70
      },
      "13": {
        "name": "(anonymous_13)",
        "decl": {
          "start": {
            "line": 71,
            "column": 15
          },
          "end": {
            "line": 71,
            "column": 16
          }
        },
        "loc": {
          "start": {
            "line": 71,
            "column": 30
          },
          "end": {
            "line": 71,
            "column": 62
          }
        },
        "line": 71
      },
      "14": {
        "name": "(anonymous_14)",
        "decl": {
          "start": {
            "line": 74,
            "column": 17
          },
          "end": {
            "line": 74,
            "column": 18
          }
        },
        "loc": {
          "start": {
            "line": 74,
            "column": 32
          },
          "end": {
            "line": 74,
            "column": 63
          }
        },
        "line": 74
      },
      "15": {
        "name": "(anonymous_15)",
        "decl": {
          "start": {
            "line": 79,
            "column": 17
          },
          "end": {
            "line": 79,
            "column": 18
          }
        },
        "loc": {
          "start": {
            "line": 79,
            "column": 32
          },
          "end": {
            "line": 79,
            "column": 65
          }
        },
        "line": 79
      },
      "16": {
        "name": "(anonymous_16)",
        "decl": {
          "start": {
            "line": 80,
            "column": 15
          },
          "end": {
            "line": 80,
            "column": 16
          }
        },
        "loc": {
          "start": {
            "line": 80,
            "column": 30
          },
          "end": {
            "line": 80,
            "column": 62
          }
        },
        "line": 80
      },
      "17": {
        "name": "(anonymous_17)",
        "decl": {
          "start": {
            "line": 81,
            "column": 11
          },
          "end": {
            "line": 81,
            "column": 12
          }
        },
        "loc": {
          "start": {
            "line": 81,
            "column": 26
          },
          "end": {
            "line": 81,
            "column": 45
          }
        },
        "line": 81
      },
      "18": {
        "name": "(anonymous_18)",
        "decl": {
          "start": {
            "line": 91,
            "column": 9
          },
          "end": {
            "line": 91,
            "column": 10
          }
        },
        "loc": {
          "start": {
            "line": 91,
            "column": 24
          },
          "end": {
            "line": 91,
            "column": 41
          }
        },
        "line": 91
      },
      "19": {
        "name": "(anonymous_19)",
        "decl": {
          "start": {
            "line": 103,
            "column": 9
          },
          "end": {
            "line": 103,
            "column": 10
          }
        },
        "loc": {
          "start": {
            "line": 103,
            "column": 24
          },
          "end": {
            "line": 103,
            "column": 40
          }
        },
        "line": 103
      },
      "20": {
        "name": "(anonymous_20)",
        "decl": {
          "start": {
            "line": 108,
            "column": 11
          },
          "end": {
            "line": 108,
            "column": 12
          }
        },
        "loc": {
          "start": {
            "line": 108,
            "column": 26
          },
          "end": {
            "line": 108,
            "column": 42
          }
        },
        "line": 108
      },
      "21": {
        "name": "(anonymous_21)",
        "decl": {
          "start": {
            "line": 114,
            "column": 17
          },
          "end": {
            "line": 114,
            "column": 18
          }
        },
        "loc": {
          "start": {
            "line": 114,
            "column": 32
          },
          "end": {
            "line": 114,
            "column": 67
          }
        },
        "line": 114
      },
      "22": {
        "name": "(anonymous_22)",
        "decl": {
          "start": {
            "line": 115,
            "column": 15
          },
          "end": {
            "line": 115,
            "column": 16
          }
        },
        "loc": {
          "start": {
            "line": 115,
            "column": 30
          },
          "end": {
            "line": 115,
            "column": 62
          }
        },
        "line": 115
      },
      "23": {
        "name": "(anonymous_23)",
        "decl": {
          "start": {
            "line": 116,
            "column": 11
          },
          "end": {
            "line": 116,
            "column": 12
          }
        },
        "loc": {
          "start": {
            "line": 116,
            "column": 26
          },
          "end": {
            "line": 116,
            "column": 45
          }
        },
        "line": 116
      },
      "24": {
        "name": "(anonymous_24)",
        "decl": {
          "start": {
            "line": 122,
            "column": 17
          },
          "end": {
            "line": 122,
            "column": 18
          }
        },
        "loc": {
          "start": {
            "line": 122,
            "column": 32
          },
          "end": {
            "line": 122,
            "column": 63
          }
        },
        "line": 122
      },
      "25": {
        "name": "(anonymous_25)",
        "decl": {
          "start": {
            "line": 123,
            "column": 15
          },
          "end": {
            "line": 123,
            "column": 16
          }
        },
        "loc": {
          "start": {
            "line": 123,
            "column": 30
          },
          "end": {
            "line": 123,
            "column": 46
          }
        },
        "line": 123
      },
      "26": {
        "name": "(anonymous_26)",
        "decl": {
          "start": {
            "line": 142,
            "column": 9
          },
          "end": {
            "line": 142,
            "column": 10
          }
        },
        "loc": {
          "start": {
            "line": 142,
            "column": 24
          },
          "end": {
            "line": 142,
            "column": 41
          }
        },
        "line": 142
      },
      "27": {
        "name": "(anonymous_27)",
        "decl": {
          "start": {
            "line": 147,
            "column": 24
          },
          "end": {
            "line": 147,
            "column": 25
          }
        },
        "loc": {
          "start": {
            "line": 147,
            "column": 39
          },
          "end": {
            "line": 147,
            "column": 55
          }
        },
        "line": 147
      },
      "28": {
        "name": "(anonymous_28)",
        "decl": {
          "start": {
            "line": 168,
            "column": 17
          },
          "end": {
            "line": 168,
            "column": 18
          }
        },
        "loc": {
          "start": {
            "line": 168,
            "column": 32
          },
          "end": {
            "line": 168,
            "column": 67
          }
        },
        "line": 168
      },
      "29": {
        "name": "(anonymous_29)",
        "decl": {
          "start": {
            "line": 169,
            "column": 15
          },
          "end": {
            "line": 169,
            "column": 16
          }
        },
        "loc": {
          "start": {
            "line": 169,
            "column": 30
          },
          "end": {
            "line": 169,
            "column": 62
          }
        },
        "line": 169
      },
      "30": {
        "name": "(anonymous_30)",
        "decl": {
          "start": {
            "line": 170,
            "column": 11
          },
          "end": {
            "line": 170,
            "column": 12
          }
        },
        "loc": {
          "start": {
            "line": 170,
            "column": 26
          },
          "end": {
            "line": 170,
            "column": 45
          }
        },
        "line": 170
      },
      "31": {
        "name": "(anonymous_31)",
        "decl": {
          "start": {
            "line": 174,
            "column": 13
          },
          "end": {
            "line": 174,
            "column": 14
          }
        },
        "loc": {
          "start": {
            "line": 174,
            "column": 28
          },
          "end": {
            "line": 174,
            "column": 47
          }
        },
        "line": 174
      },
      "32": {
        "name": "(anonymous_32)",
        "decl": {
          "start": {
            "line": 178,
            "column": 17
          },
          "end": {
            "line": 178,
            "column": 18
          }
        },
        "loc": {
          "start": {
            "line": 178,
            "column": 32
          },
          "end": {
            "line": 178,
            "column": 63
          }
        },
        "line": 178
      },
      "33": {
        "name": "(anonymous_33)",
        "decl": {
          "start": {
            "line": 184,
            "column": 17
          },
          "end": {
            "line": 184,
            "column": 18
          }
        },
        "loc": {
          "start": {
            "line": 184,
            "column": 32
          },
          "end": {
            "line": 184,
            "column": 65
          }
        },
        "line": 184
      },
      "34": {
        "name": "(anonymous_34)",
        "decl": {
          "start": {
            "line": 185,
            "column": 17
          },
          "end": {
            "line": 185,
            "column": 18
          }
        },
        "loc": {
          "start": {
            "line": 185,
            "column": 32
          },
          "end": {
            "line": 185,
            "column": 67
          }
        },
        "line": 185
      },
      "35": {
        "name": "(anonymous_35)",
        "decl": {
          "start": {
            "line": 186,
            "column": 15
          },
          "end": {
            "line": 186,
            "column": 16
          }
        },
        "loc": {
          "start": {
            "line": 186,
            "column": 30
          },
          "end": {
            "line": 186,
            "column": 62
          }
        },
        "line": 186
      },
      "36": {
        "name": "(anonymous_36)",
        "decl": {
          "start": {
            "line": 187,
            "column": 11
          },
          "end": {
            "line": 187,
            "column": 12
          }
        },
        "loc": {
          "start": {
            "line": 187,
            "column": 26
          },
          "end": {
            "line": 187,
            "column": 45
          }
        },
        "line": 187
      },
      "37": {
        "name": "(anonymous_37)",
        "decl": {
          "start": {
            "line": 191,
            "column": 17
          },
          "end": {
            "line": 191,
            "column": 18
          }
        },
        "loc": {
          "start": {
            "line": 191,
            "column": 32
          },
          "end": {
            "line": 191,
            "column": 63
          }
        },
        "line": 191
      }
    },
    "branchMap": {},
    "s": {
      "0": 34,
      "1": 90,
      "2": 90,
      "3": 90,
      "4": 34,
      "5": 90,
      "6": 90,
      "7": 34,
      "8": 90,
      "9": 90,
      "10": 34,
      "11": 90,
      "12": 34,
      "13": 90,
      "14": 34,
      "15": 90,
      "16": 90,
      "17": 90,
      "18": 90,
      "19": 90,
      "20": 90,
      "21": 34,
      "22": 90,
      "23": 90,
      "24": 90,
      "25": 34,
      "26": 90,
      "27": 34,
      "28": 270,
      "29": 270,
      "30": 34,
      "31": 270,
      "32": 270,
      "33": 270,
      "34": 270,
      "35": 270,
      "36": 34,
      "37": 270,
      "38": 270,
      "39": 34,
      "40": 34,
      "41": 540,
      "42": 540,
      "43": 540,
      "44": 540,
      "45": 540,
      "46": 34,
      "47": 90,
      "48": 90,
      "49": 90,
      "50": 90,
      "51": 90
    },
    "f": {
      "0": 90,
      "1": 90,
      "2": 90,
      "3": 90,
      "4": 90,
      "5": 90,
      "6": 90,
      "7": 90,
      "8": 90,
      "9": 90,
      "10": 90,
      "11": 90,
      "12": 90,
      "13": 90,
      "14": 90,
      "15": 90,
      "16": 90,
      "17": 90,
      "18": 90,
      "19": 270,
      "20": 270,
      "21": 270,
      "22": 270,
      "23": 270,
      "24": 270,
      "25": 270,
      "26": 270,
      "27": 270,
      "28": 540,
      "29": 540,
      "30": 540,
      "31": 540,
      "32": 540,
      "33": 90,
      "34": 90,
      "35": 90,
      "36": 90,
      "37": 90
    },
    "b": {},
    "_coverageSchema": "1a1c01bbd47fc00a2c39e90264f33305004495a9",
    "hash": "e64f727b78852f0b0f7ed9ac629f8506d12f489e"
  },
  "C:\\Users\\chere\\OneDrive\\Рабочий стол\\currency-tracker\\src\\components\\common\\Footer\\FooterMenuBlock.tsx": {
    "path": "C:\\Users\\chere\\OneDrive\\Рабочий стол\\currency-tracker\\src\\components\\common\\Footer\\FooterMenuBlock.tsx",
    "statementMap": {
      "0": {
        "start": {
          "line": 20,
          "column": 31
        },
        "end": {
          "line": 40,
          "column": 1
        }
      },
      "1": {
        "start": {
          "line": 21,
          "column": 30
        },
        "end": {
          "line": 21,
          "column": 45
        }
      },
      "2": {
        "start": {
          "line": 23,
          "column": 26
        },
        "end": {
          "line": 25,
          "column": 3
        }
      },
      "3": {
        "start": {
          "line": 24,
          "column": 4
        },
        "end": {
          "line": 24,
          "column": 29
        }
      },
      "4": {
        "start": {
          "line": 24,
          "column": 23
        },
        "end": {
          "line": 24,
          "column": 27
        }
      },
      "5": {
        "start": {
          "line": 27,
          "column": 2
        },
        "end": {
          "line": 39,
          "column": 4
        }
      },
      "6": {
        "start": {
          "line": 33,
          "column": 10
        },
        "end": {
          "line": 35,
          "column": 27
        }
      }
    },
    "fnMap": {
      "0": {
        "name": "(anonymous_0)",
        "decl": {
          "start": {
            "line": 20,
            "column": 31
          },
          "end": {
            "line": 20,
            "column": 32
          }
        },
        "loc": {
          "start": {
            "line": 20,
            "column": 75
          },
          "end": {
            "line": 40,
            "column": 1
          }
        },
        "line": 20
      },
      "1": {
        "name": "(anonymous_1)",
        "decl": {
          "start": {
            "line": 23,
            "column": 26
          },
          "end": {
            "line": 23,
            "column": 27
          }
        },
        "loc": {
          "start": {
            "line": 23,
            "column": 32
          },
          "end": {
            "line": 25,
            "column": 3
          }
        },
        "line": 23
      },
      "2": {
        "name": "(anonymous_2)",
        "decl": {
          "start": {
            "line": 24,
            "column": 14
          },
          "end": {
            "line": 24,
            "column": 15
          }
        },
        "loc": {
          "start": {
            "line": 24,
            "column": 23
          },
          "end": {
            "line": 24,
            "column": 27
          }
        },
        "line": 24
      },
      "3": {
        "name": "(anonymous_3)",
        "decl": {
          "start": {
            "line": 32,
            "column": 19
          },
          "end": {
            "line": 32,
            "column": 20
          }
        },
        "loc": {
          "start": {
            "line": 33,
            "column": 10
          },
          "end": {
            "line": 35,
            "column": 27
          }
        },
        "line": 33
      }
    },
    "branchMap": {
      "0": {
        "loc": {
          "start": {
            "line": 28,
            "column": 34
          },
          "end": {
            "line": 28,
            "column": 56
          }
        },
        "type": "cond-expr",
        "locations": [
          {
            "start": {
              "line": 28,
              "column": 43
            },
            "end": {
              "line": 28,
              "column": 51
            }
          },
          {
            "start": {
              "line": 28,
              "column": 54
            },
            "end": {
              "line": 28,
              "column": 56
            }
          }
        ],
        "line": 28
      }
    },
    "s": {
      "0": 34,
      "1": 246,
      "2": 246,
      "3": 0,
      "4": 0,
      "5": 246,
      "6": 492
    },
    "f": {
      "0": 246,
      "1": 0,
      "2": 0,
      "3": 492
    },
    "b": {
      "0": [
        0,
        246
      ]
    },
    "_coverageSchema": "1a1c01bbd47fc00a2c39e90264f33305004495a9",
    "hash": "b49ec0c96f5c5628cb3a00b9175f3fbd6e84dd64"
  },
  "C:\\Users\\chere\\OneDrive\\Рабочий стол\\currency-tracker\\src\\components\\common\\Footer\\Footer.tsx": {
    "path": "C:\\Users\\chere\\OneDrive\\Рабочий стол\\currency-tracker\\src\\components\\common\\Footer\\Footer.tsx",
    "statementMap": {
      "0": {
        "start": {
          "line": 18,
          "column": 22
        },
        "end": {
          "line": 52,
          "column": 1
        }
      },
      "1": {
        "start": {
          "line": 19,
          "column": 2
        },
        "end": {
          "line": 51,
          "column": 4
        }
      },
      "2": {
        "start": {
          "line": 40,
          "column": 16
        },
        "end": {
          "line": 40,
          "column": 83
        }
      }
    },
    "fnMap": {
      "0": {
        "name": "(anonymous_0)",
        "decl": {
          "start": {
            "line": 18,
            "column": 22
          },
          "end": {
            "line": 18,
            "column": 23
          }
        },
        "loc": {
          "start": {
            "line": 18,
            "column": 28
          },
          "end": {
            "line": 52,
            "column": 1
          }
        },
        "line": 18
      },
      "1": {
        "name": "(anonymous_1)",
        "decl": {
          "start": {
            "line": 39,
            "column": 32
          },
          "end": {
            "line": 39,
            "column": 33
          }
        },
        "loc": {
          "start": {
            "line": 39,
            "column": 61
          },
          "end": {
            "line": 41,
            "column": 15
          }
        },
        "line": 39
      }
    },
    "branchMap": {},
    "s": {
      "0": 34,
      "1": 82,
      "2": 246
    },
    "f": {
      "0": 82,
      "1": 246
    },
    "b": {},
    "_coverageSchema": "1a1c01bbd47fc00a2c39e90264f33305004495a9",
    "hash": "61326d09bac297bae9c7c17c6be01b6e0fcda88e"
  },
  "C:\\Users\\chere\\OneDrive\\Рабочий стол\\currency-tracker\\src\\constants\\headerNavLinks.ts": {
    "path": "C:\\Users\\chere\\OneDrive\\Рабочий стол\\currency-tracker\\src\\constants\\headerNavLinks.ts",
    "statementMap": {
      "0": {
        "start": {
          "line": 1,
          "column": 31
        },
        "end": {
          "line": 22,
          "column": 1
        }
      }
    },
    "fnMap": {},
    "branchMap": {},
    "s": {
      "0": 34
    },
    "f": {},
    "b": {},
    "_coverageSchema": "1a1c01bbd47fc00a2c39e90264f33305004495a9",
    "hash": "233d3d216a7041cbc975b95df36268a0c5f95330"
  },
  "C:\\Users\\chere\\OneDrive\\Рабочий стол\\currency-tracker\\src\\components\\common\\Header\\styled.ts": {
    "path": "C:\\Users\\chere\\OneDrive\\Рабочий стол\\currency-tracker\\src\\components\\common\\Header\\styled.ts",
    "statementMap": {
      "0": {
        "start": {
          "line": 4,
          "column": 26
        },
        "end": {
          "line": 8,
          "column": 1
        }
      },
      "1": {
        "start": {
          "line": 10,
          "column": 31
        },
        "end": {
          "line": 17,
          "column": 1
        }
      },
      "2": {
        "start": {
          "line": 12,
          "column": 37
        },
        "end": {
          "line": 12,
          "column": 61
        }
      },
      "3": {
        "start": {
          "line": 19,
          "column": 29
        },
        "end": {
          "line": 24,
          "column": 1
        }
      },
      "4": {
        "start": {
          "line": 23,
          "column": 24
        },
        "end": {
          "line": 23,
          "column": 40
        }
      },
      "5": {
        "start": {
          "line": 26,
          "column": 25
        },
        "end": {
          "line": 37,
          "column": 1
        }
      },
      "6": {
        "start": {
          "line": 30,
          "column": 24
        },
        "end": {
          "line": 30,
          "column": 40
        }
      },
      "7": {
        "start": {
          "line": 39,
          "column": 23
        },
        "end": {
          "line": 56,
          "column": 1
        }
      },
      "8": {
        "start": {
          "line": 40,
          "column": 30
        },
        "end": {
          "line": 40,
          "column": 58
        }
      },
      "9": {
        "start": {
          "line": 41,
          "column": 32
        },
        "end": {
          "line": 41,
          "column": 65
        }
      },
      "10": {
        "start": {
          "line": 45,
          "column": 34
        },
        "end": {
          "line": 45,
          "column": 70
        }
      },
      "11": {
        "start": {
          "line": 46,
          "column": 46
        },
        "end": {
          "line": 46,
          "column": 64
        }
      },
      "12": {
        "start": {
          "line": 54,
          "column": 32
        },
        "end": {
          "line": 54,
          "column": 60
        }
      }
    },
    "fnMap": {
      "0": {
        "name": "(anonymous_0)",
        "decl": {
          "start": {
            "line": 12,
            "column": 22
          },
          "end": {
            "line": 12,
            "column": 23
          }
        },
        "loc": {
          "start": {
            "line": 12,
            "column": 37
          },
          "end": {
            "line": 12,
            "column": 61
          }
        },
        "line": 12
      },
      "1": {
        "name": "(anonymous_1)",
        "decl": {
          "start": {
            "line": 23,
            "column": 9
          },
          "end": {
            "line": 23,
            "column": 10
          }
        },
        "loc": {
          "start": {
            "line": 23,
            "column": 24
          },
          "end": {
            "line": 23,
            "column": 40
          }
        },
        "line": 23
      },
      "2": {
        "name": "(anonymous_2)",
        "decl": {
          "start": {
            "line": 30,
            "column": 9
          },
          "end": {
            "line": 30,
            "column": 10
          }
        },
        "loc": {
          "start": {
            "line": 30,
            "column": 24
          },
          "end": {
            "line": 30,
            "column": 40
          }
        },
        "line": 30
      },
      "3": {
        "name": "(anonymous_3)",
        "decl": {
          "start": {
            "line": 40,
            "column": 15
          },
          "end": {
            "line": 40,
            "column": 16
          }
        },
        "loc": {
          "start": {
            "line": 40,
            "column": 30
          },
          "end": {
            "line": 40,
            "column": 58
          }
        },
        "line": 40
      },
      "4": {
        "name": "(anonymous_4)",
        "decl": {
          "start": {
            "line": 41,
            "column": 17
          },
          "end": {
            "line": 41,
            "column": 18
          }
        },
        "loc": {
          "start": {
            "line": 41,
            "column": 32
          },
          "end": {
            "line": 41,
            "column": 65
          }
        },
        "line": 41
      },
      "5": {
        "name": "(anonymous_5)",
        "decl": {
          "start": {
            "line": 45,
            "column": 19
          },
          "end": {
            "line": 45,
            "column": 20
          }
        },
        "loc": {
          "start": {
            "line": 45,
            "column": 34
          },
          "end": {
            "line": 45,
            "column": 70
          }
        },
        "line": 45
      },
      "6": {
        "name": "(anonymous_6)",
        "decl": {
          "start": {
            "line": 46,
            "column": 31
          },
          "end": {
            "line": 46,
            "column": 32
          }
        },
        "loc": {
          "start": {
            "line": 46,
            "column": 46
          },
          "end": {
            "line": 46,
            "column": 64
          }
        },
        "line": 46
      },
      "7": {
        "name": "(anonymous_7)",
        "decl": {
          "start": {
            "line": 54,
            "column": 17
          },
          "end": {
            "line": 54,
            "column": 18
          }
        },
        "loc": {
          "start": {
            "line": 54,
            "column": 32
          },
          "end": {
            "line": 54,
            "column": 60
          }
        },
        "line": 54
      }
    },
    "branchMap": {},
    "s": {
      "0": 34,
      "1": 34,
      "2": 90,
      "3": 34,
      "4": 90,
      "5": 34,
      "6": 90,
      "7": 34,
      "8": 360,
      "9": 360,
      "10": 360,
      "11": 360,
      "12": 360
    },
    "f": {
      "0": 90,
      "1": 90,
      "2": 90,
      "3": 360,
      "4": 360,
      "5": 360,
      "6": 360,
      "7": 360
    },
    "b": {},
    "_coverageSchema": "1a1c01bbd47fc00a2c39e90264f33305004495a9",
    "hash": "2899be2eafa95e7b78f28343cfa71c3ada94e754"
  },
  "C:\\Users\\chere\\OneDrive\\Рабочий стол\\currency-tracker\\src\\constants\\localStorage.ts": {
    "path": "C:\\Users\\chere\\OneDrive\\Рабочий стол\\currency-tracker\\src\\constants\\localStorage.ts",
    "statementMap": {
      "0": {
        "start": {
          "line": 1,
          "column": 28
        },
        "end": {
          "line": 4,
          "column": 10
        }
      }
    },
    "fnMap": {},
    "branchMap": {},
    "s": {
      "0": 34
    },
    "f": {},
    "b": {},
    "_coverageSchema": "1a1c01bbd47fc00a2c39e90264f33305004495a9",
    "hash": "87624c3d6dea6cda5756f07213414aa2fdfc5a93"
  },
  "C:\\Users\\chere\\OneDrive\\Рабочий стол\\currency-tracker\\src\\styles\\Theme.ts": {
    "path": "C:\\Users\\chere\\OneDrive\\Рабочий стол\\currency-tracker\\src\\styles\\Theme.ts",
    "statementMap": {
      "0": {
        "start": {
          "line": 3,
          "column": 21
[...]
    },
    "s": {
      "0": 34,
      "1": 34,
      "2": 14,
      "3": 14,
      "4": 14,
      "5": 14,
      "6": 19,
      "7": 1,
      "8": 9,
      "9": 0,
      "10": 15,
      "11": 15,
      "12": 15,
      "13": 8,
      "14": 8,
      "15": 8,
      "16": 6,
      "17": 6,
      "18": 2,
      "19": 8,
      "20": 0,
      "21": 0,
      "22": 0,
      "23": 8,
      "24": 6,
      "25": 0,
      "26": 6,
      "27": 6,
      "28": 0,
      "29": 6,
      "30": 3,
      "31": 6,
      "32": 6,
      "33": 6,
      "34": 14,
      "35": 2,
      "36": 0,
      "37": 2,
      "38": 2,
      "39": 2,
      "40": 2,
      "41": 2,
      "42": 2,
      "43": 2,
      "44": 2,
      "45": 2,
      "46": 2,
      "47": 14,
      "48": 1,
      "49": 1,
      "50": 2,
      "51": 50,
      "52": 2,
      "53": 1,
      "54": 1,
      "55": 1,
      "56": 1,
      "57": 14,
      "58": 0,
      "59": 0,
      "60": 14,
      "61": 2,
      "62": 2,
      "63": 52,
      "64": 52,
      "65": 52
    },
    "f": {
      "0": 14,
      "1": 19,
      "2": 9,
      "3": 15,
      "4": 6,
      "5": 6,
      "6": 2,
      "7": 2,
      "8": 1,
      "9": 2,
      "10": 50,
      "11": 1,
      "12": 0,
      "13": 2,
      "14": 52
    },
    "b": {
      "0": [
        1,
        18
      ],
      "1": [
        0,
        9
      ],
      "2": [
        8,
        4
      ],
      "3": [
        4,
        4
      ],
      "4": [
        2,
        4
      ],
      "5": [
        6,
        2
      ],
      "6": [
        0,
        0
      ],
      "7": [
        0,
        6
      ],
      "8": [
        6,
        6
      ],
      "9": [
        0,
        6
      ],
      "10": [
        3,
        3
      ],
      "11": [
        0,
        2
      ],
      "12": [
        2,
        0
      ],
      "13": [
        2,
        2
      ],
      "14": [
        2,
        48
      ],
      "15": [
        1,
        0
      ],
      "16": [
        52,
        16
      ],
      "17": [
        0,
        52
      ]
    },
    "_coverageSchema": "1a1c01bbd47fc00a2c39e90264f33305004495a9",
    "hash": "c6031cb3b699847f2deb4d4a65244d274d4794e1"
  },
  "C:\\Users\\chere\\OneDrive\\Рабочий стол\\currency-tracker\\src\\components\\TimelinePage\\ChartSearch\\styled.ts": {
    "path": "C:\\Users\\chere\\OneDrive\\Рабочий стол\\currency-tracker\\src\\components\\TimelinePage\\ChartSearch\\styled.ts",
    "statementMap": {
      "0": {
        "start": {
          "line": 3,
          "column": 37
        },
        "end": {
          "line": 21,
          "column": 1
        }
      },
      "1": {
        "start": {
          "line": 5,
          "column": 30
        },
        "end": {
          "line": 5,
          "column": 61
        }
      },
      "2": {
        "start": {
          "line": 6,
          "column": 32
        },
        "end": {
          "line": 6,
          "column": 65
        }
      },
      "3": {
        "start": {
          "line": 7,
          "column": 26
        },
        "end": {
          "line": 7,
          "column": 47
        }
      },
      "4": {
        "start": {
          "line": 8,
          "column": 37
        },
        "end": {
          "line": 8,
          "column": 61
        }
      },
      "5": {
        "start": {
          "line": 9,
          "column": 28
        },
        "end": {
          "line": 9,
          "column": 44
        }
      },
      "6": {
        "start": {
          "line": 10,
          "column": 34
        },
        "end": {
          "line": 10,
          "column": 51
        }
      },
      "7": {
        "start": {
          "line": 18,
          "column": 32
        },
        "end": {
          "line": 18,
          "column": 63
        }
      },
      "8": {
        "start": {
          "line": 19,
          "column": 30
        },
        "end": {
          "line": 19,
          "column": 46
        }
      }
    },
    "fnMap": {
      "0": {
        "name": "(anonymous_0)",
        "decl": {
          "start": {
            "line": 5,
            "column": 15
          },
          "end": {
            "line": 5,
            "column": 16
          }
        },
        "loc": {
          "start": {
            "line": 5,
            "column": 30
          },
          "end": {
            "line": 5,
            "column": 61
          }
        },
        "line": 5
      },
      "1": {
        "name": "(anonymous_1)",
        "decl": {
          "start": {
            "line": 6,
            "column": 17
          },
          "end": {
            "line": 6,
            "column": 18
          }
        },
        "loc": {
          "start": {
            "line": 6,
            "column": 32
          },
          "end": {
            "line": 6,
            "column": 65
          }
        },
        "line": 6
      },
      "2": {
        "name": "(anonymous_2)",
        "decl": {
          "start": {
            "line": 7,
            "column": 11
          },
          "end": {
            "line": 7,
            "column": 12
          }
        },
        "loc": {
          "start": {
            "line": 7,
            "column": 26
          },
          "end": {
            "line": 7,
            "column": 47
          }
        },
        "line": 7
      },
      "3": {
        "name": "(anonymous_3)",
        "decl": {
          "start": {
            "line": 8,
            "column": 22
          },
          "end": {
            "line": 8,
            "column": 23
          }
        },
        "loc": {
          "start": {
            "line": 8,
            "column": 37
          },
          "end": {
            "line": 8,
            "column": 61
          }
        },
        "line": 8
      },
      "4": {
        "name": "(anonymous_4)",
        "decl": {
          "start": {
            "line": 9,
            "column": 13
          },
          "end": {
            "line": 9,
            "column": 14
          }
        },
        "loc": {
          "start": {
            "line": 9,
            "column": 28
          },
          "end": {
            "line": 9,
            "column": 44
          }
        },
        "line": 9
      },
      "5": {
        "name": "(anonymous_5)",
        "decl": {
          "start": {
            "line": 10,
            "column": 19
          },
          "end": {
            "line": 10,
            "column": 20
          }
        },
        "loc": {
          "start": {
            "line": 10,
            "column": 34
          },
          "end": {
            "line": 10,
            "column": 51
          }
        },
        "line": 10
      },
      "6": {
        "name": "(anonymous_6)",
        "decl": {
          "start": {
            "line": 18,
            "column": 17
          },
          "end": {
            "line": 18,
            "column": 18
          }
        },
        "loc": {
          "start": {
            "line": 18,
            "column": 32
          },
          "end": {
            "line": 18,
            "column": 63
          }
        },
        "line": 18
      },
      "7": {
        "name": "(anonymous_7)",
        "decl": {
          "start": {
            "line": 19,
            "column": 15
          },
          "end": {
            "line": 19,
            "column": 16
          }
        },
        "loc": {
          "start": {
            "line": 19,
            "column": 30
          },
          "end": {
            "line": 19,
            "column": 46
          }
        },
        "line": 19
      }
    },
    "branchMap": {},
    "s": {
      "0": 34,
      "1": 38,
      "2": 38,
      "3": 38,
      "4": 38,
      "5": 38,
      "6": 38,
      "7": 38,
      "8": 38
    },
    "f": {
      "0": 38,
      "1": 38,
      "2": 38,
      "3": 38,
      "4": 38,
      "5": 38,
      "6": 38,
      "7": 38
    },
    "b": {},
    "_coverageSchema": "1a1c01bbd47fc00a2c39e90264f33305004495a9",
    "hash": "c6651b25f6d98b1d83d205bf263af23c9d09b040"
  },
  "C:\\Users\\chere\\OneDrive\\Рабочий стол\\currency-tracker\\src\\components\\TimelinePage\\ChartSearch\\ChartSearch.tsx": {
    "path": "C:\\Users\\chere\\OneDrive\\Рабочий стол\\currency-tracker\\src\\components\\TimelinePage\\ChartSearch\\ChartSearch.tsx",
    "statementMap": {
      "0": {
        "start": {
          "line": 16,
          "column": 6
        },
        "end": {
          "line": 16,
          "column": 16
        }
      },
      "1": {
        "start": {
          "line": 18,
          "column": 4
        },
        "end": {
          "line": 27,
          "column": 6
        }
      }
    },
    "fnMap": {
      "0": {
        "name": "(anonymous_0)",
        "decl": {
          "start": {
            "line": 14,
            "column": 2
          },
          "end": {
            "line": 14,
            "column": 3
          }
        },
        "loc": {
          "start": {
            "line": 14,
            "column": 11
          },
          "end": {
            "line": 28,
            "column": 3
          }
        },
        "line": 14
      }
    },
    "branchMap": {
      "0": {
        "loc": {
          "start": {
            "line": 25,
            "column": 21
          },
          "end": {
            "line": 25,
            "column": 61
          }
        },
        "type": "binary-expr",
        "locations": [
          {
            "start": {
              "line": 25,
              "column": 21
            },
            "end": {
              "line": 25,
              "column": 37
            }
          },
          {
            "start": {
              "line": 25,
              "column": 41
            },
            "end": {
              "line": 25,
              "column": 61
            }
          }
        ],
        "line": 25
      }
    },
    "s": {
      "0": 38,
      "1": 38
    },
    "f": {
      "0": 38
    },
    "b": {
      "0": [
        38,
        0
      ]
    },
    "_coverageSchema": "1a1c01bbd47fc00a2c39e90264f33305004495a9",
    "hash": "7dc1d70f8dda072ab0110127103468509275826b"
  },
  "C:\\Users\\chere\\OneDrive\\Рабочий стол\\currency-tracker\\src\\pages\\TimelinePage.tsx": {
    "path": "C:\\Users\\chere\\OneDrive\\Рабочий стол\\currency-tracker\\src\\pages\\TimelinePage.tsx",
    "statementMap": {
      "0": {
        "start": {
          "line": 14,
          "column": 30
        },
        "end": {
          "line": 17,
          "column": 3
        }
      },
      "1": {
        "start": {
          "line": 19,
          "column": 16
        },
        "end": {
          "line": 21,
          "column": 3
        }
      },
      "2": {
        "start": {
          "line": 20,
          "column": 4
        },
        "end": {
          "line": 20,
          "column": 73
        }
      },
      "3": {
        "start": {
          "line": 23,
          "column": 21
        },
        "end": {
          "line": 25,
          "column": 3
        }
      },
      "4": {
        "start": {
          "line": 24,
          "column": 4
        },
        "end": {
          "line": 24,
          "column": 38
        }
      },
      "5": {
        "start": {
          "line": 27,
          "column": 20
        },
        "end": {
          "line": 29,
          "column": 3
        }
      },
      "6": {
        "start": {
          "line": 28,
          "column": 4
        },
        "end": {
          "line": 28,
          "column": 37
        }
      },
      "7": {
        "start": {
          "line": 32,
          "column": 42
        },
        "end": {
          "line": 32,
          "column": 52
        }
      },
      "8": {
        "start": {
          "line": 34,
          "column": 4
        },
        "end": {
          "line": 57,
          "column": 6
        }
      },
      "9": {
        "start": {
          "line": 39,
          "column": 14
        },
        "end": {
          "line": 45,
          "column": 16
        }
      }
    },
    "fnMap": {
      "0": {
        "name": "(anonymous_0)",
        "decl": {
          "start": {
            "line": 19,
            "column": 16
          },
          "end": {
            "line": 19,
            "column": 17
          }
        },
        "loc": {
          "start": {
            "line": 19,
            "column": 52
          },
          "end": {
            "line": 21,
            "column": 3
          }
        },
        "line": 19
      },
      "1": {
        "name": "(anonymous_1)",
        "decl": {
          "start": {
            "line": 23,
            "column": 21
          },
          "end": {
            "line": 23,
            "column": 22
          }
        },
        "loc": {
          "start": {
            "line": 23,
            "column": 27
          },
          "end": {
            "line": 25,
            "column": 3
          }
        },
        "line": 23
      },
      "2": {
        "name": "(anonymous_2)",
        "decl": {
          "start": {
            "line": 27,
            "column": 20
          },
          "end": {
            "line": 27,
            "column": 21
          }
        },
        "loc": {
          "start": {
            "line": 27,
            "column": 26
          },
          "end": {
            "line": 29,
            "column": 3
          }
        },
        "line": 27
      },
      "3": {
        "name": "(anonymous_3)",
        "decl": {
          "start": {
            "line": 31,
            "column": 2
          },
          "end": {
            "line": 31,
            "column": 3
          }
        },
        "loc": {
          "start": {
            "line": 31,
            "column": 11
          },
          "end": {
            "line": 58,
            "column": 3
          }
        },
        "line": 31
      },
      "4": {
        "name": "(anonymous_4)",
        "decl": {
          "start": {
            "line": 38,
            "column": 13
          },
          "end": {
            "line": 38,
            "column": 14
          }
        },
        "loc": {
          "start": {
            "line": 39,
            "column": 14
          },
          "end": {
            "line": 45,
            "column": 16
          }
        },
        "line": 39
      }
    },
    "branchMap": {
      "0": {
        "loc": {
          "start": {
            "line": 20,
            "column": 38
          },
          "end": {
            "line": 20,
            "column": 69
          }
        },
        "type": "binary-expr",
        "locations": [
          {
            "start": {
              "line": 20,
              "column": 38
            },
            "end": {
              "line": 20,
              "column": 49
            }
          },
          {
            "start": {
              "line": 20,
              "column": 53
            },
            "end": {
              "line": 20,
              "column": 69
            }
          }
        ],
        "line": 20
      }
    },
    "s": {
      "0": 14,
      "1": 14,
      "2": 1,
      "3": 14,
      "4": 1,
      "5": 14,
      "6": 2,
      "7": 22,
      "8": 22,
      "9": 46
    },
    "f": {
      "0": 1,
      "1": 1,
      "2": 2,
      "3": 22,
      "4": 46
    },
    "b": {
      "0": [
        1,
        0
      ]
    },
    "_coverageSchema": "1a1c01bbd47fc00a2c39e90264f33305004495a9",
    "hash": "70f99b20a1e3377c9a303da1c65248a93f25fee9"
  },
  "C:\\Users\\chere\\OneDrive\\Рабочий стол\\currency-tracker\\src\\constants\\routes.ts": {
    "path": "C:\\Users\\chere\\OneDrive\\Рабочий стол\\currency-tracker\\src\\constants\\routes.ts",
    "statementMap": {
      "0": {
        "start": {
          "line": 7,
          "column": 22
        },
        "end": {
          "line": 28,
          "column": 1
        }
      }
    },
    "fnMap": {},
    "branchMap": {},
    "s": {
      "0": 34
    },
    "f": {},
    "b": {},
    "_coverageSchema": "1a1c01bbd47fc00a2c39e90264f33305004495a9",
    "hash": "e21cc36c397e1e1edf44ab07dae0e36187e843be"
  },
  "C:\\Users\\chere\\OneDrive\\Рабочий стол\\currency-tracker\\src\\App.tsx": {
    "path": "C:\\Users\\chere\\OneDrive\\Рабочий стол\\currency-tracker\\src\\App.tsx",
    "statementMap": {
      "0": {
        "start": {
          "line": 11,
          "column": 19
        },
        "end": {
          "line": 36,
          "column": 1
        }
      },
      "1": {
        "start": {
          "line": 12,
          "column": 2
        },
        "end": {
          "line": 35,
          "column": 4
        }
      },
      "2": {
        "start": {
          "line": 21,
          "column": 14
        },
        "end": {
          "line": 29,
          "column": 16
        }
      }
    },
    "fnMap": {
      "0": {
        "name": "(anonymous_0)",
        "decl": {
          "start": {
            "line": 11,
            "column": 19
          },
          "end": {
            "line": 11,
            "column": 20
          }
        },
        "loc": {
          "start": {
            "line": 11,
            "column": 25
          },
          "end": {
            "line": 36,
            "column": 1
          }
        },
        "line": 11
      },
      "1": {
        "name": "(anonymous_1)",
        "decl": {
          "start": {
            "line": 20,
            "column": 24
          },
          "end": {
            "line": 20,
            "column": 25
          }
        },
        "loc": {
          "start": {
            "line": 21,
            "column": 14
          },
          "end": {
            "line": 29,
            "column": 16
          }
        },
        "line": 21
      }
    },
    "branchMap": {},
    "s": {
      "0": 34,
      "1": 68,
      "2": 340
    },
    "f": {
      "0": 68,
      "1": 340
    },
    "b": {},
    "_coverageSchema": "1a1c01bbd47fc00a2c39e90264f33305004495a9",
    "hash": "d1a63b4172526b02bfe3d550c266348e83bfa85b"
  },
  "C:\\Users\\chere\\OneDrive\\Рабочий стол\\currency-tracker\\src\\index.tsx": {
    "path": "C:\\Users\\chere\\OneDrive\\Рабочий стол\\currency-tracker\\src\\index.tsx",
    "statementMap": {
      "0": {
        "start": {
          "line": 6,
          "column": 18
        },
        "end": {
          "line": 6,
          "column": 49
        }
      },
      "1": {
        "start": {
          "line": 7,
          "column": 0
        },
        "end": {
          "line": 9,
          "column": 1
        }
      },
      "2": {
        "start": {
          "line": 8,
          "column": 2
        },
        "end": {
          "line": 8,
          "column": 58
        }
      },
      "3": {
        "start": {
          "line": 11,
          "column": 13
        },
        "end": {
          "line": 11,
          "column": 34
        }
      },
      "4": {
        "start": {
          "line": 12,
          "column": 0
        },
        "end": {
          "line": 18,
          "column": 2
        }
      }
    },
    "fnMap": {},
    "branchMap": {
      "0": {
        "loc": {
          "start": {
            "line": 7,
            "column": 0
          },
          "end": {
            "line": 9,
            "column": 1
          }
        },
        "type": "if",
        "locations": [
          {
            "start": {
              "line": 7,
              "column": 0
            },
            "end": {
              "line": 9,
              "column": 1
            }
          },
          {
            "start": {},
            "end": {}
          }
        ],
        "line": 7
      }
    },
    "s": {
      "0": 34,
      "1": 34,
      "2": 0,
      "3": 34,
      "4": 34
    },
    "f": {},
    "b": {
      "0": [
        0,
        34
      ]
    },
    "_coverageSchema": "1a1c01bbd47fc00a2c39e90264f33305004495a9",
    "hash": "550cb3cce9315c222b19c4cb6ad00e447416d5dc"
  }
}