TN:
SF:src\App.tsx
FN:11,(anonymous_0)
FN:20,(anonymous_1)
FNF:2
FNH:2
FNDA:6,(anonymous_0)
FNDA:30,(anonymous_1)
DA:1,1
DA:2,1
DA:3,1
DA:4,1
DA:5,1
DA:6,1
DA:7,1
DA:8,1
DA:9,1
DA:11,1
DA:12,6
DA:21,30
LF:12
LH:12
BRF:0
BRH:0
end_of_record
TN:
SF:src\index.tsx
FNF:0
FNH:0
DA:6,0
DA:7,0
DA:8,0
DA:11,0
DA:12,0
LF:5
LH:0
BRDA:7,0,0,0
BRF:1
BRH:0
end_of_record
TN:
SF:src\api\clients.ts
FNF:0
FNH:0
DA:1,3
DA:2,3
DA:4,3
DA:11,3
LF:4
LH:4
BRF:0
BRH:0
end_of_record
TN:
SF:src\api\currencyApi.ts
FN:7,(anonymous_7)
FN:7,(anonymous_8)
FN:24,(anonymous_9)
FN:24,(anonymous_10)
FNF:4
FNH:4
FNDA:2,(anonymous_7)
FNDA:2,(anonymous_8)
FNDA:1,(anonymous_9)
FNDA:1,(anonymous_10)
DA:1,3
DA:3,3
DA:4,3
DA:5,3
DA:7,3
DA:8,2
DA:9,2
DA:10,2
DA:17,1
DA:19,1
DA:20,1
DA:24,3
DA:25,1
DA:26,1
DA:34,0
DA:35,0
LF:16
LH:14
BRF:0
BRH:0
end_of_record
TN:
SF:src\api\httpClient.ts
FN:6,(anonymous_1)
FN:10,(anonymous_2)
FN:11,(anonymous_3)
FNF:3
FNH:1
FNDA:6,(anonymous_1)
FNDA:0,(anonymous_2)
FNDA:0,(anonymous_3)
DA:1,3
DA:3,3
DA:7,6
DA:11,0
LF:4
LH:3
BRF:0
BRH:0
end_of_record
TN:
SF:src\api\twelveDataApi.ts
FN:5,(anonymous_7)
FN:5,(anonymous_8)
FNF:2
FNH:2
FNDA:2,(anonymous_7)
FNDA:2,(anonymous_8)
DA:2,2
DA:3,2
DA:5,2
DA:6,2
DA:7,2
DA:14,1
DA:16,1
DA:17,1
LF:8
LH:8
BRF:0
BRH:0
end_of_record
TN:
SF:src\components\BankCardPage\ElasticSearch\ElasticSearch.tsx
FN:19,(anonymous_0)
FN:31,(anonymous_1)
FNF:2
FNH:0
FNDA:0,(anonymous_0)
FNDA:0,(anonymous_1)
DA:20,0
DA:22,0
DA:32,0
LF:3
LH:0
BRF:0
BRH:0
end_of_record
TN:
SF:src\components\BankCardPage\ElasticSearch\styled.ts
FN:7,(anonymous_0)
FN:8,(anonymous_1)
FN:11,(anonymous_2)
FN:16,(anonymous_3)
FN:17,(anonymous_4)
FN:18,(anonymous_5)
FN:22,(anonymous_6)
FN:37,(anonymous_7)
FN:38,(anonymous_8)
FN:39,(anonymous_9)
FN:40,(anonymous_10)
FN:41,(anonymous_11)
FN:42,(anonymous_12)
FN:43,(anonymous_13)
FN:54,(anonymous_14)
FN:59,(anonymous_15)
FNF:16
FNH:0
FNDA:0,(anonymous_0)
FNDA:0,(anonymous_1)
FNDA:0,(anonymous_2)
FNDA:0,(anonymous_3)
FNDA:0,(anonymous_4)
FNDA:0,(anonymous_5)
FNDA:0,(anonymous_6)
FNDA:0,(anonymous_7)
FNDA:0,(anonymous_8)
FNDA:0,(anonymous_9)
FNDA:0,(anonymous_10)
FNDA:0,(anonymous_11)
FNDA:0,(anonymous_12)
FNDA:0,(anonymous_13)
FNDA:0,(anonymous_14)
FNDA:0,(anonymous_15)
DA:3,0
DA:7,0
DA:8,0
DA:11,0
DA:15,0
DA:16,0
DA:17,0
DA:18,0
DA:22,0
DA:26,0
DA:36,0
DA:37,0
DA:38,0
DA:39,0
DA:40,0
DA:41,0
DA:42,0
DA:43,0
DA:50,0
DA:54,0
DA:59,0
LF:21
LH:0
BRF:0
BRH:0
end_of_record
TN:
SF:src\components\BankCardPage\Map\Map.tsx
FN:15,(anonymous_0)
FN:20,(anonymous_1)
FN:24,(anonymous_2)
FN:30,(anonymous_3)
FN:36,(anonymous_4)
FN:51,(anonymous_5)
FN:56,(anonymous_6)
FN:61,(anonymous_7)
FN:67,(anonymous_8)
FN:72,(anonymous_9)
FN:102,(anonymous_10)
FNF:11
FNH:0
FNDA:0,(anonymous_0)
FNDA:0,(anonymous_1)
FNDA:0,(anonymous_2)
FNDA:0,(anonymous_3)
FNDA:0,(anonymous_4)
FNDA:0,(anonymous_5)
FNDA:0,(anonymous_6)
FNDA:0,(anonymous_7)
FNDA:0,(anonymous_8)
FNDA:0,(anonymous_9)
FNDA:0,(anonymous_10)
DA:16,0
DA:17,0
DA:18,0
DA:21,0
DA:25,0
DA:26,0
DA:31,0
DA:32,0
DA:37,0
DA:39,0
DA:40,0
DA:42,0
DA:47,0
DA:48,0
DA:52,0
DA:53,0
DA:54,0
DA:56,0
DA:57,0
DA:59,0
DA:61,0
DA:62,0
DA:63,0
DA:68,0
DA:70,0
DA:71,0
DA:72,0
DA:74,0
DA:80,0
DA:90,0
DA:92,0
DA:93,0
DA:94,0
DA:96,0
DA:103,0
LF:35
LH:0
BRDA:25,0,0,0
BRDA:31,1,0,0
BRDA:37,2,0,0
BRDA:54,3,0,0
BRDA:70,4,0,0
BRDA:85,5,0,0
BRDA:85,5,1,0
BRF:7
BRH:0
end_of_record
TN:
SF:src\components\BankCardPage\Map\styled.ts
FNF:0
FNH:0
DA:3,0
LF:1
LH:0
BRF:0
BRH:0
end_of_record
TN:
SF:src\components\ContactsPage\ContactWrapper\ContactWrapper.tsx
FN:14,(anonymous_0)
FN:29,(anonymous_1)
FN:40,(anonymous_2)
FN:53,(anonymous_3)
FN:66,(anonymous_4)
FNF:5
FNH:0
FNDA:0,(anonymous_0)
FNDA:0,(anonymous_1)
FNDA:0,(anonymous_2)
FNDA:0,(anonymous_3)
FNDA:0,(anonymous_4)
DA:14,0
DA:15,0
DA:23,0
DA:27,0
DA:29,0
DA:30,0
DA:32,0
DA:37,0
DA:40,0
DA:41,0
DA:47,0
DA:53,0
DA:66,0
LF:13
LH:0
BRDA:57,0,0,0
BRDA:57,0,1,0
BRDA:57,1,0,0
BRDA:57,1,1,0
BRF:4
BRH:0
end_of_record
TN:
SF:src\components\ContactsPage\ContactWrapper\styled.ts
FN:5,(anonymous_0)
FN:12,(anonymous_1)
FNF:2
FNH:0
FNDA:0,(anonymous_0)
FNDA:0,(anonymous_1)
DA:3,0
DA:5,0
DA:12,0
LF:3
LH:0
BRF:0
BRH:0
end_of_record
TN:
SF:src\components\ContactsPage\ContactsForm\ContactsForm.tsx
FN:10,(anonymous_0)
FNF:1
FNH:0
FNDA:0,(anonymous_0)
DA:10,0
DA:11,0
LF:2
LH:0
BRF:0
BRH:0
end_of_record
TN:
SF:src\components\ContactsPage\ContactsForm\styled.ts
FN:5,(anonymous_0)
FN:5,(anonymous_1)
FN:6,(anonymous_2)
FN:7,(anonymous_3)
FN:10,(anonymous_4)
FN:19,(anonymous_5)
FN:20,(anonymous_6)
FN:21,(anonymous_7)
FN:22,(anonymous_8)
FN:29,(anonymous_9)
FN:30,(anonymous_10)
FN:31,(anonymous_11)
FN:32,(anonymous_12)
FN:38,(anonymous_13)
FN:38,(anonymous_14)
FN:50,(anonymous_15)
FN:51,(anonymous_16)
FN:52,(anonymous_17)
FN:61,(anonymous_18)
FN:62,(anonymous_19)
FN:67,(anonymous_20)
FN:68,(anonymous_21)
FN:69,(anonymous_22)
FN:70,(anonymous_23)
FN:71,(anonymous_24)
FN:72,(anonymous_25)
FN:73,(anonymous_26)
FNF:27
FNH:0
FNDA:0,(anonymous_0)
FNDA:0,(anonymous_1)
FNDA:0,(anonymous_2)
FNDA:0,(anonymous_3)
FNDA:0,(anonymous_4)
FNDA:0,(anonymous_5)
FNDA:0,(anonymous_6)
FNDA:0,(anonymous_7)
FNDA:0,(anonymous_8)
FNDA:0,(anonymous_9)
FNDA:0,(anonymous_10)
FNDA:0,(anonymous_11)
FNDA:0,(anonymous_12)
FNDA:0,(anonymous_13)
FNDA:0,(anonymous_14)
FNDA:0,(anonymous_15)
FNDA:0,(anonymous_16)
FNDA:0,(anonymous_17)
FNDA:0,(anonymous_18)
FNDA:0,(anonymous_19)
FNDA:0,(anonymous_20)
FNDA:0,(anonymous_21)
FNDA:0,(anonymous_22)
FNDA:0,(anonymous_23)
FNDA:0,(anonymous_24)
FNDA:0,(anonymous_25)
FNDA:0,(anonymous_26)
DA:3,0
DA:5,0
DA:6,0
DA:7,0
DA:10,0
DA:19,0
DA:20,0
DA:21,0
DA:22,0
DA:29,0
DA:30,0
DA:31,0
DA:32,0
DA:38,0
DA:49,0
DA:50,0
DA:51,0
DA:52,0
DA:61,0
DA:62,0
DA:66,0
DA:67,0
DA:68,0
DA:69,0
DA:70,0
DA:71,0
DA:72,0
DA:73,0
LF:28
LH:0
BRF:0
BRH:0
end_of_record
TN:
SF:src\components\ContactsPage\ContactsInfo\ContactsInfo.tsx
FN:6,(anonymous_0)
FN:12,(anonymous_1)
FNF:2
FNH:0
FNDA:0,(anonymous_0)
FNDA:0,(anonymous_1)
DA:6,0
DA:7,0
DA:13,0
LF:3
LH:0
BRF:0
BRH:0
end_of_record
TN:
SF:src\components\ContactsPage\ContactsInfo\ContactsInfoBlock.tsx
FN:10,(anonymous_0)
FN:16,(anonymous_1)
FNF:2
FNH:0
FNDA:0,(anonymous_0)
FNDA:0,(anonymous_1)
DA:10,0
DA:11,0
DA:17,0
LF:3
LH:0
BRF:0
BRH:0
end_of_record
TN:
SF:src\components\ContactsPage\ContactsInfo\styled.ts
FN:6,(anonymous_0)
FN:14,(anonymous_1)
FN:16,(anonymous_2)
FN:19,(anonymous_3)
FN:22,(anonymous_4)
FN:26,(anonymous_5)
FN:32,(anonymous_6)
FN:33,(anonymous_7)
FN:34,(anonymous_8)
FN:45,(anonymous_9)
FN:49,(anonymous_10)
FN:56,(anonymous_11)
FN:60,(anonymous_12)
FN:61,(anonymous_13)
FN:62,(anonymous_14)
FN:67,(anonymous_15)
FN:68,(anonymous_16)
FN:69,(anonymous_17)
FNF:18
FNH:0
FNDA:0,(anonymous_0)
FNDA:0,(anonymous_1)
FNDA:0,(anonymous_2)
FNDA:0,(anonymous_3)
FNDA:0,(anonymous_4)
FNDA:0,(anonymous_5)
FNDA:0,(anonymous_6)
FNDA:0,(anonymous_7)
FNDA:0,(anonymous_8)
FNDA:0,(anonymous_9)
FNDA:0,(anonymous_10)
FNDA:0,(anonymous_11)
FNDA:0,(anonymous_12)
FNDA:0,(anonymous_13)
FNDA:0,(anonymous_14)
FNDA:0,(anonymous_15)
FNDA:0,(anonymous_16)
FNDA:0,(anonymous_17)
DA:3,0
DA:6,0
DA:13,0
DA:14,0
DA:16,0
DA:19,0
DA:22,0
DA:26,0
DA:31,0
DA:32,0
DA:33,0
DA:34,0
DA:45,0
DA:49,0
DA:53,0
DA:56,0
DA:59,0
DA:60,0
DA:61,0
DA:62,0
DA:66,0
DA:67,0
DA:68,0
DA:69,0
LF:24
LH:0
BRF:0
BRH:0
end_of_record
TN:
SF:src\components\ContactsPage\ContactsInput\ContactsInput.tsx
FN:10,(anonymous_1)
FN:22,(anonymous_2)
FN:27,(anonymous_3)
FNF:3
FNH:0
FNDA:0,(anonymous_1)
FNDA:0,(anonymous_2)
FNDA:0,(anonymous_3)
DA:10,0
DA:16,0
DA:17,0
DA:19,0
DA:20,0
DA:22,0
DA:23,0
DA:24,0
DA:27,0
DA:28,0
DA:29,0
DA:32,0
LF:12
LH:0
BRDA:20,0,0,0
BRDA:20,0,1,0
BRDA:24,1,0,0
BRDA:24,1,1,0
BRDA:24,2,0,0
BRDA:24,2,1,0
BRDA:29,3,0,0
BRDA:29,3,1,0
BRDA:29,4,0,0
BRDA:29,4,1,0
BRDA:47,5,0,0
BRDA:47,5,1,0
BRF:12
BRH:0
end_of_record
TN:
SF:src\components\ContactsPage\ContactsInput\styled.ts
FN:13,(anonymous_0)
FN:14,(anonymous_1)
FN:15,(anonymous_2)
FN:16,(anonymous_3)
FN:21,(anonymous_4)
FN:25,(anonymous_5)
FN:28,(anonymous_6)
FN:36,(anonymous_7)
FN:37,(anonymous_8)
FN:38,(anonymous_9)
FN:44,(anonymous_10)
FN:61,(anonymous_11)
FN:62,(anonymous_12)
FN:63,(anonymous_13)
FNF:14
FNH:0
FNDA:0,(anonymous_0)
FNDA:0,(anonymous_1)
FNDA:0,(anonymous_2)
FNDA:0,(anonymous_3)
FNDA:0,(anonymous_4)
FNDA:0,(anonymous_5)
FNDA:0,(anonymous_6)
FNDA:0,(anonymous_7)
FNDA:0,(anonymous_8)
FNDA:0,(anonymous_9)
FNDA:0,(anonymous_10)
FNDA:0,(anonymous_11)
FNDA:0,(anonymous_12)
FNDA:0,(anonymous_13)
DA:11,0
DA:13,0
DA:14,0
DA:15,0
DA:16,0
DA:21,0
DA:26,0
DA:28,0
DA:32,0
DA:36,0
DA:37,0
DA:38,0
DA:45,0
DA:52,0
DA:57,0
DA:61,0
DA:62,0
DA:63,0
LF:18
LH:0
BRDA:26,0,0,0
BRDA:26,0,1,0
BRDA:45,1,0,0
BRDA:45,1,1,0
BRF:4
BRH:0
end_of_record
TN:
SF:src\components\HomePage\ConvertModal\ConvertModal.tsx
FN:26,(anonymous_0)
FN:58,(anonymous_1)
FN:67,(anonymous_2)
FN:71,(anonymous_3)
FN:75,(anonymous_4)
FN:107,(anonymous_5)
FN:110,(anonymous_6)
FNF:7
FNH:6
FNDA:12,(anonymous_0)
FNDA:12,(anonymous_1)
FNDA:0,(anonymous_2)
FNDA:2,(anonymous_3)
FNDA:2,(anonymous_4)
FNDA:36,(anonymous_5)
FNDA:2,(anonymous_6)
DA:1,1
DA:2,1
DA:3,1
DA:4,1
DA:5,1
DA:7,1
DA:26,1
DA:32,12
DA:46,12
DA:56,12
DA:58,12
DA:59,12
DA:60,1
DA:61,1
DA:65,12
DA:67,12
DA:68,0
DA:71,12
DA:72,2
DA:75,12
DA:76,2
DA:79,12
DA:80,12
DA:82,12
DA:108,36
DA:110,2
LF:26
LH:25
BRDA:59,0,0,1
BRDA:79,1,0,4
BRDA:79,1,1,8
BRDA:80,2,0,0
BRDA:80,2,1,12
BRF:5
BRH:4
end_of_record
TN:
SF:src\components\HomePage\ConvertModal\styled.ts
FN:16,(anonymous_10)
FN:18,(anonymous_11)
FN:25,(anonymous_12)
FN:37,(anonymous_13)
FN:50,(anonymous_14)
FN:51,(anonymous_15)
FN:52,(anonymous_16)
FN:53,(anonymous_17)
FN:54,(anonymous_18)
FN:55,(anonymous_19)
FN:59,(anonymous_20)
FN:62,(anonymous_21)
FN:63,(anonymous_22)
FN:69,(anonymous_23)
FN:70,(anonymous_24)
FN:71,(anonymous_25)
FN:72,(anonymous_26)
FN:73,(anonymous_27)
FN:77,(anonymous_28)
FN:80,(anonymous_29)
FN:81,(anonymous_30)
FN:95,(anonymous_31)
FN:104,(anonymous_32)
FN:119,(anonymous_33)
FN:120,(anonymous_34)
FN:121,(anonymous_35)
FN:122,(anonymous_36)
FN:123,(anonymous_37)
FN:131,(anonymous_38)
FN:136,(anonymous_39)
FN:137,(anonymous_40)
FN:138,(anonymous_41)
FN:139,(anonymous_42)
FN:140,(anonymous_43)
FN:144,(anonymous_44)
FN:146,(anonymous_45)
FN:149,(anonymous_46)
FN:153,(anonymous_47)
FN:154,(anonymous_48)
FN:159,(anonymous_49)
FN:160,(anonymous_50)
FN:161,(anonymous_51)
FN:162,(anonymous_52)
FN:163,(anonymous_53)
FN:167,(anonymous_54)
FN:172,(anonymous_55)
FN:173,(anonymous_56)
FNF:47
FNH:0
FNDA:0,(anonymous_10)
FNDA:0,(anonymous_11)
FNDA:0,(anonymous_12)
FNDA:0,(anonymous_13)
FNDA:0,(anonymous_14)
FNDA:0,(anonymous_15)
FNDA:0,(anonymous_16)
FNDA:0,(anonymous_17)
FNDA:0,(anonymous_18)
FNDA:0,(anonymous_19)
FNDA:0,(anonymous_20)
FNDA:0,(anonymous_21)
FNDA:0,(anonymous_22)
FNDA:0,(anonymous_23)
FNDA:0,(anonymous_24)
FNDA:0,(anonymous_25)
FNDA:0,(anonymous_26)
FNDA:0,(anonymous_27)
FNDA:0,(anonymous_28)
FNDA:0,(anonymous_29)
FNDA:0,(anonymous_30)
FNDA:0,(anonymous_31)
FNDA:0,(anonymous_32)
FNDA:0,(anonymous_33)
FNDA:0,(anonymous_34)
FNDA:0,(anonymous_35)
FNDA:0,(anonymous_36)
FNDA:0,(anonymous_37)
FNDA:0,(anonymous_38)
FNDA:0,(anonymous_39)
FNDA:0,(anonymous_40)
FNDA:0,(anonymous_41)
FNDA:0,(anonymous_42)
FNDA:0,(anonymous_43)
FNDA:0,(anonymous_44)
FNDA:0,(anonymous_45)
FNDA:0,(anonymous_46)
FNDA:0,(anonymous_47)
FNDA:0,(anonymous_48)
FNDA:0,(anonymous_49)
FNDA:0,(anonymous_50)
FNDA:0,(anonymous_51)
FNDA:0,(anonymous_52)
FNDA:0,(anonymous_53)
FNDA:0,(anonymous_54)
FNDA:0,(anonymous_55)
FNDA:0,(anonymous_56)
DA:1,1
DA:2,1
DA:12,1
DA:16,0
DA:18,0
DA:22,1
DA:25,0
DA:29,1
DA:37,0
DA:48,1
DA:50,0
DA:51,0
DA:52,0
DA:53,0
DA:54,0
DA:55,0
DA:59,0
DA:62,0
DA:63,0
DA:67,1
DA:69,0
DA:70,0
DA:71,0
DA:72,0
DA:73,0
DA:77,0
DA:80,0
DA:81,0
DA:85,1
DA:95,0
DA:105,0
DA:118,1
DA:119,0
DA:120,0
DA:121,0
DA:122,0
DA:123,0
DA:131,0
DA:135,1
DA:136,0
DA:137,0
DA:138,0
DA:139,0
DA:140,0
DA:144,0
DA:147,0
DA:149,0
DA:153,0
DA:154,0
DA:158,1
DA:159,0
DA:160,0
DA:161,0
DA:162,0
DA:163,0
DA:167,0
DA:172,0
DA:173,0
LF:58
LH:11
BRDA:105,0,0,0
BRDA:105,0,1,0
BRDA:147,1,0,0
BRDA:147,1,1,0
BRF:4
BRH:0
end_of_record
TN:
SF:src\components\HomePage\QuotesItem\QuotesItem.tsx
FN:18,(anonymous_0)
FN:26,(anonymous_1)
FNF:2
FNH:0
FNDA:0,(anonymous_0)
FNDA:0,(anonymous_1)
DA:18,0
DA:25,0
DA:26,0
LF:3
LH:0
BRF:0
BRH:0
end_of_record
TN:
SF:src\components\HomePage\QuotesItem\styled.ts
FN:4,(anonymous_0)
FN:5,(anonymous_1)
FN:6,(anonymous_2)
FN:7,(anonymous_3)
FN:10,(anonymous_4)
FN:15,(anonymous_5)
FN:19,(anonymous_6)
FN:20,(anonymous_7)
FN:37,(anonymous_8)
FN:41,(anonymous_9)
FN:42,(anonymous_10)
FN:45,(anonymous_11)
FN:50,(anonymous_12)
FN:51,(anonymous_13)
FN:52,(anonymous_14)
FN:55,(anonymous_15)
FNF:16
FNH:0
FNDA:0,(anonymous_0)
FNDA:0,(anonymous_1)
FNDA:0,(anonymous_2)
FNDA:0,(anonymous_3)
FNDA:0,(anonymous_4)
FNDA:0,(anonymous_5)
FNDA:0,(anonymous_6)
FNDA:0,(anonymous_7)
FNDA:0,(anonymous_8)
FNDA:0,(anonymous_9)
FNDA:0,(anonymous_10)
FNDA:0,(anonymous_11)
FNDA:0,(anonymous_12)
FNDA:0,(anonymous_13)
FNDA:0,(anonymous_14)
FNDA:0,(anonymous_15)
DA:3,0
DA:4,0
DA:5,0
DA:6,0
DA:7,0
DA:10,0
DA:15,0
DA:19,0
DA:20,0
DA:24,0
DA:34,0
DA:37,0
DA:40,0
DA:41,0
DA:42,0
DA:45,0
DA:49,0
DA:50,0
DA:51,0
DA:52,0
DA:55,0
LF:21
LH:0
BRF:0
BRH:0
end_of_record
TN:
SF:src\components\HomePage\QuotesList\QuotesList.tsx
FN:14,(anonymous_0)
FN:33,(anonymous_1)
FNF:2
FNH:0
FNDA:0,(anonymous_0)
FNDA:0,(anonymous_1)
DA:14,0
DA:15,0
DA:16,0
DA:25,0
DA:34,0
LF:5
LH:0
BRDA:15,0,0,0
BRDA:29,1,0,0
BRDA:29,1,1,0
BRF:3
BRH:0
end_of_record
TN:
SF:src\components\HomePage\QuotesList\styled.ts
FN:12,(anonymous_0)
FN:16,(anonymous_1)
FN:22,(anonymous_2)
FN:23,(anonymous_3)
FN:24,(anonymous_4)
FN:25,(anonymous_5)
FN:26,(anonymous_6)
FN:27,(anonymous_7)
FN:32,(anonymous_8)
FN:33,(anonymous_9)
FN:34,(anonymous_10)
FNF:11
FNH:0
FNDA:0,(anonymous_0)
FNDA:0,(anonymous_1)
FNDA:0,(anonymous_2)
FNDA:0,(anonymous_3)
FNDA:0,(anonymous_4)
FNDA:0,(anonymous_5)
FNDA:0,(anonymous_6)
FNDA:0,(anonymous_7)
FNDA:0,(anonymous_8)
FNDA:0,(anonymous_9)
FNDA:0,(anonymous_10)
DA:3,0
DA:8,0
DA:12,0
DA:16,0
DA:21,0
DA:22,0
DA:23,0
DA:24,0
DA:25,0
DA:26,0
DA:27,0
DA:32,0
DA:33,0
DA:34,0
LF:14
LH:0
BRF:0
BRH:0
end_of_record
TN:
SF:src\components\Layout\Layout.tsx
FN:10,(anonymous_0)
FNF:1
FNH:0
FNDA:0,(anonymous_0)
DA:10,0
DA:11,0
LF:2
LH:0
BRF:0
BRH:0
end_of_record
TN:
SF:src\components\TimelinePage\ChartComponent\ChartComponent.tsx
FN:46,(anonymous_7)
FN:125,(anonymous_8)
FN:149,(anonymous_9)
FN:156,(anonymous_10)
FN:166,(anonymous_11)
FN:167,(anonymous_12)
FN:173,(anonymous_13)
FN:183,(anonymous_14)
FN:192,(anonymous_15)
FN:61,(anonymous_16)
FN:65,(anonymous_18)
FN:71,(anonymous_19)
FN:77,(anonymous_20)
FN:86,(anonymous_22)
FN:105,(anonymous_23)
FN:201,(anonymous_24)
FNF:16
FNH:14
FNDA:12,(anonymous_7)
FNDA:2,(anonymous_8)
FNDA:1,(anonymous_9)
FNDA:1,(anonymous_10)
FNDA:1,(anonymous_11)
FNDA:1,(anonymous_12)
FNDA:1,(anonymous_13)
FNDA:0,(anonymous_14)
FNDA:0,(anonymous_15)
FNDA:12,(anonymous_16)
FNDA:24,(anonymous_18)
FNDA:12,(anonymous_19)
FNDA:13,(anonymous_20)
FNDA:8,(anonymous_22)
FNDA:8,(anonymous_23)
FNDA:36,(anonymous_24)
DA:1,1
DA:3,1
DA:4,1
DA:5,1
DA:6,1
DA:7,1
DA:8,1
DA:9,1
DA:10,1
DA:11,1
DA:12,1
DA:15,1
DA:16,1
DA:17,1
DA:18,1
DA:27,1
DA:29,1
DA:47,1
DA:50,12
DA:51,12
DA:53,12
DA:62,12
DA:66,24
DA:67,1
DA:72,12
DA:73,7
DA:78,13
DA:80,13
DA:81,13
DA:82,12
DA:84,12
DA:86,12
DA:87,8
DA:88,8
DA:89,0
DA:93,12
DA:95,1
DA:97,1
DA:99,1
DA:101,13
DA:106,8
DA:108,8
DA:109,8
DA:111,8
DA:112,1
DA:115,8
DA:117,8
DA:122,8
DA:125,12
DA:126,2
DA:128,1
DA:129,1
DA:131,1
DA:132,1
DA:134,1
DA:135,1
DA:136,1
DA:137,1
DA:139,1
DA:150,1
DA:156,12
DA:157,1
DA:165,1
DA:167,1
DA:168,1
DA:171,1
DA:174,1
DA:175,1
DA:176,1
DA:177,1
DA:183,12
DA:184,0
DA:186,0
DA:192,12
DA:193,0
DA:195,0
DA:202,36
DA:203,36
DA:205,36
DA:237,1
LF:80
LH:75
BRDA:126,0,0,1
BRDA:129,1,0,0
BRDA:129,1,1,1
BRDA:129,2,0,1
BRDA:129,2,1,1
BRDA:131,3,0,1
BRDA:131,4,0,1
BRDA:131,4,1,1
BRDA:168,5,0,0
BRDA:168,5,1,1
BRDA:174,6,0,1
BRDA:184,7,0,0
BRDA:184,7,1,0
BRDA:184,8,0,0
BRDA:184,8,1,0
BRDA:186,9,0,0
BRDA:186,9,1,0
BRDA:186,10,0,0
BRDA:186,10,1,0
BRDA:193,11,0,0
BRDA:193,11,1,0
BRDA:193,12,0,0
BRDA:193,12,1,0
BRDA:195,13,0,0
BRDA:195,13,1,0
BRDA:195,14,0,0
BRDA:195,14,1,0
BRDA:66,15,0,1
BRDA:72,16,0,7
BRDA:82,17,0,12
BRDA:82,17,1,12
BRDA:82,18,0,0
BRDA:82,18,1,12
BRDA:82,19,0,12
BRDA:82,19,1,12
BRDA:84,20,0,11
BRDA:84,20,1,1
BRDA:88,21,0,0
BRDA:88,22,0,8
BRDA:88,22,1,7
BRDA:97,23,0,1
BRDA:97,23,1,0
BRDA:106,24,0,0
BRDA:106,25,0,8
BRDA:106,25,1,8
BRDA:109,26,0,0
BRDA:111,27,0,1
BRDA:213,28,0,36
BRDA:213,28,1,13
BRDA:216,29,0,1
BRDA:216,29,1,35
BRF:51
BRH:28
end_of_record
TN:
SF:src\components\TimelinePage\ChartComponent\styled.ts
FN:6,(anonymous_1)
FN:7,(anonymous_2)
FN:8,(anonymous_3)
FN:11,(anonymous_4)
FN:14,(anonymous_5)
FN:15,(anonymous_6)
FN:37,(anonymous_7)
FN:38,(anonymous_8)
FN:41,(anonymous_9)
FN:44,(anonymous_10)
FN:49,(anonymous_11)
FN:50,(anonymous_12)
FN:51,(anonymous_13)
FN:54,(anonymous_14)
FNF:14
FNH:0
FNDA:0,(anonymous_1)
FNDA:0,(anonymous_2)
FNDA:0,(anonymous_3)
FNDA:0,(anonymous_4)
FNDA:0,(anonymous_5)
FNDA:0,(anonymous_6)
FNDA:0,(anonymous_7)
FNDA:0,(anonymous_8)
FNDA:0,(anonymous_9)
FNDA:0,(anonymous_10)
FNDA:0,(anonymous_11)
FNDA:0,(anonymous_12)
FNDA:0,(anonymous_13)
FNDA:0,(anonymous_14)
DA:1,1
DA:3,1
DA:6,0
DA:7,0
DA:8,0
DA:11,0
DA:14,0
DA:15,0
DA:19,1
DA:31,1
DA:36,1
DA:37,0
DA:38,0
DA:41,0
DA:44,0
DA:48,1
DA:49,0
DA:50,0
DA:51,0
DA:54,0
DA:58,1
DA:63,1
LF:22
LH:8
BRF:0
BRH:0
end_of_record
TN:
SF:src\components\TimelinePage\ChartInput\ChartInputComponent.tsx
FN:13,(anonymous_0)
FNF:1
FNH:1
FNDA:54,(anonymous_0)
DA:1,2
DA:2,2
DA:12,2
DA:14,54
DA:16,54
LF:5
LH:5
BRDA:14,0,0,13
BRDA:14,1,0,3
BRDA:19,2,0,54
BRDA:19,2,1,43
BRDA:20,3,0,54
BRDA:20,3,1,2
BRF:6
BRH:6
end_of_record
TN:
SF:src\components\TimelinePage\ChartInput\styled.ts
FN:5,(anonymous_1)
FN:9,(anonymous_2)
FN:15,(anonymous_3)
FN:16,(anonymous_4)
FN:19,(anonymous_5)
FN:24,(anonymous_6)
FN:25,(anonymous_7)
FN:26,(anonymous_8)
FN:27,(anonymous_9)
FN:28,(anonymous_10)
FN:33,(anonymous_11)
FN:41,(anonymous_12)
FN:42,(anonymous_13)
FN:48,(anonymous_14)
FN:50,(anonymous_15)
FN:51,(anonymous_16)
FN:52,(anonymous_17)
FN:55,(anonymous_18)
FNF:18
FNH:0
FNDA:0,(anonymous_1)
FNDA:0,(anonymous_2)
FNDA:0,(anonymous_3)
FNDA:0,(anonymous_4)
FNDA:0,(anonymous_5)
FNDA:0,(anonymous_6)
FNDA:0,(anonymous_7)
FNDA:0,(anonymous_8)
FNDA:0,(anonymous_9)
FNDA:0,(anonymous_10)
FNDA:0,(anonymous_11)
FNDA:0,(anonymous_12)
FNDA:0,(anonymous_13)
FNDA:0,(anonymous_14)
FNDA:0,(anonymous_15)
FNDA:0,(anonymous_16)
FNDA:0,(anonymous_17)
FNDA:0,(anonymous_18)
DA:1,2
DA:3,2
DA:5,0
DA:9,0
DA:13,2
DA:15,0
DA:16,0
DA:19,0
DA:23,2
DA:24,0
DA:25,0
DA:26,0
DA:27,0
DA:28,0
DA:33,0
DA:41,0
DA:42,0
DA:46,2
DA:48,0
DA:50,0
DA:51,0
DA:52,0
DA:55,0
LF:23
LH:5
BRF:0
BRH:0
end_of_record
TN:
SF:src\components\TimelinePage\ChartModal\ChartModal.tsx
FN:27,(anonymous_1)
FN:67,(anonymous_2)
FN:67,(anonymous_3)
FN:74,(anonymous_4)
FN:82,(anonymous_5)
FN:119,(anonymous_6)
FN:132,(anonymous_7)
FN:138,(anonymous_8)
FN:139,(anonymous_9)
FN:47,(anonymous_10)
FN:144,(anonymous_11)
FN:164,(anonymous_12)
FNF:12
FNH:12
FNDA:4,(anonymous_1)
FNDA:40,(anonymous_2)
FNDA:3,(anonymous_3)
FNDA:3,(anonymous_4)
FNDA:2,(anonymous_5)
FNDA:2,(anonymous_6)
FNDA:1,(anonymous_7)
FNDA:1,(anonymous_8)
FNDA:1,(anonymous_9)
FNDA:6,(anonymous_10)
FNDA:10,(anonymous_11)
FNDA:40,(anonymous_12)
DA:1,1
DA:2,1
DA:3,1
DA:5,1
DA:6,1
DA:7,1
DA:8,1
DA:9,1
DA:26,1
DA:28,4
DA:30,4
DA:32,4
DA:48,6
DA:49,0
DA:51,0
DA:67,40
DA:68,3
DA:70,3
DA:72,3
DA:73,3
DA:75,3
DA:82,4
DA:83,2
DA:84,2
DA:86,2
DA:87,2
DA:88,2
DA:89,2
DA:91,2
DA:93,2
DA:101,2
DA:102,2
DA:103,1
DA:106,2
DA:107,0
DA:111,2
DA:114,2
DA:116,2
DA:119,4
DA:120,2
DA:121,2
DA:123,2
DA:124,1
DA:132,1
DA:133,1
DA:138,4
DA:139,1
DA:140,1
DA:145,10
DA:146,10
DA:148,10
DA:165,40
DA:167,40
LF:53
LH:50
BRDA:72,0,0,3
BRDA:91,1,0,2
BRDA:91,1,1,2
BRDA:91,1,2,2
BRDA:91,1,3,2
BRDA:101,2,0,2
BRDA:102,3,0,1
BRDA:106,4,0,0
BRDA:112,5,0,2
BRDA:112,5,1,2
BRDA:112,5,2,1
BRDA:112,5,3,1
BRDA:123,6,0,1
BRDA:123,7,0,2
BRDA:123,7,1,1
BRDA:30,8,0,0
BRDA:30,9,0,0
BRDA:30,10,0,0
BRDA:30,11,0,0
BRDA:48,12,0,0
BRDA:48,13,0,6
BRDA:48,13,1,6
BRDA:49,14,0,0
BRDA:49,15,0,0
BRDA:49,16,0,0
BRDA:49,17,0,0
BRF:26
BRH:16
end_of_record
TN:
SF:src\components\TimelinePage\ChartModal\styled.ts
FN:6,(anonymous_1)
FNF:1
FNH:0
FNDA:0,(anonymous_1)
DA:1,1
DA:3,1
DA:6,0
LF:3
LH:2
BRF:0
BRH:0
end_of_record
TN:
SF:src\components\TimelinePage\ChartSearch\ChartSearch.tsx
FN:14,(anonymous_0)
FNF:1
FNH:0
FNDA:0,(anonymous_0)
DA:16,0
DA:18,0
LF:2
LH:0
BRDA:25,0,0,0
BRDA:25,0,1,0
BRF:2
BRH:0
end_of_record
TN:
SF:src\components\TimelinePage\ChartSearch\styled.ts
FN:5,(anonymous_0)
FN:6,(anonymous_1)
FN:7,(anonymous_2)
FN:8,(anonymous_3)
FN:9,(anonymous_4)
FN:10,(anonymous_5)
FN:18,(anonymous_6)
FN:19,(anonymous_7)
FNF:8
FNH:0
FNDA:0,(anonymous_0)
FNDA:0,(anonymous_1)
FNDA:0,(anonymous_2)
FNDA:0,(anonymous_3)
FNDA:0,(anonymous_4)
FNDA:0,(anonymous_5)
FNDA:0,(anonymous_6)
FNDA:0,(anonymous_7)
DA:3,0
DA:5,0
DA:6,0
DA:7,0
DA:8,0
DA:9,0
DA:10,0
DA:18,0
DA:19,0
LF:9
LH:0
BRF:0
BRH:0
end_of_record
TN:
SF:src\components\common\Banner\Banner.tsx
FN:12,(anonymous_0)
FNF:1
FNH:0
FNDA:0,(anonymous_0)
DA:12,0
DA:13,0
LF:2
LH:0
BRF:0
BRH:0
end_of_record
TN:
SF:src\components\common\Banner\styled.ts
FN:4,(anonymous_0)
FN:7,(anonymous_1)
FN:8,(anonymous_2)
FN:9,(anonymous_3)
FN:10,(anonymous_4)
FN:23,(anonymous_5)
FN:27,(anonymous_6)
FN:46,(anonymous_7)
FN:47,(anonymous_8)
FN:48,(anonymous_9)
FN:53,(anonymous_10)
FN:58,(anonymous_11)
FN:59,(anonymous_12)
FN:63,(anonymous_13)
FN:67,(anonymous_14)
FN:71,(anonymous_15)
FN:76,(anonymous_16)
FN:80,(anonymous_17)
FN:86,(anonymous_18)
FN:87,(anonymous_19)
FN:88,(anonymous_20)
FN:96,(anonymous_21)
FN:103,(anonymous_22)
FNF:23
FNH:0
FNDA:0,(anonymous_0)
FNDA:0,(anonymous_1)
FNDA:0,(anonymous_2)
FNDA:0,(anonymous_3)
FNDA:0,(anonymous_4)
FNDA:0,(anonymous_5)
FNDA:0,(anonymous_6)
FNDA:0,(anonymous_7)
FNDA:0,(anonymous_8)
FNDA:0,(anonymous_9)
FNDA:0,(anonymous_10)
FNDA:0,(anonymous_11)
FNDA:0,(anonymous_12)
FNDA:0,(anonymous_13)
FNDA:0,(anonymous_14)
FNDA:0,(anonymous_15)
FNDA:0,(anonymous_16)
FNDA:0,(anonymous_17)
FNDA:0,(anonymous_18)
FNDA:0,(anonymous_19)
FNDA:0,(anonymous_20)
FNDA:0,(anonymous_21)
FNDA:0,(anonymous_22)
DA:3,0
DA:4,0
DA:7,0
DA:8,0
DA:9,0
DA:10,0
DA:15,0
DA:20,0
DA:23,0
DA:27,0
DA:31,0
DA:43,0
DA:46,0
DA:47,0
DA:48,0
DA:53,0
DA:58,0
DA:59,0
DA:63,0
DA:67,0
DA:71,0
DA:76,0
DA:80,0
DA:85,0
DA:86,0
DA:87,0
DA:88,0
DA:96,0
DA:103,0
LF:29
LH:0
BRF:0
BRH:0
end_of_record
TN:
SF:src\components\common\CurrencyDropDown\CurrencyDropDown.tsx
FN:20,(anonymous_0)
FN:35,(anonymous_1)
FN:52,(anonymous_2)
FN:58,(anonymous_3)
FN:66,(anonymous_4)
FN:74,(anonymous_5)
FN:78,(anonymous_6)
FN:86,(anonymous_7)
FN:94,(anonymous_8)
FN:105,(anonymous_9)
FN:109,(anonymous_10)
FN:137,(anonymous_11)
FN:140,(anonymous_12)
FNF:13
FNH:0
FNDA:0,(anonymous_0)
FNDA:0,(anonymous_1)
FNDA:0,(anonymous_2)
FNDA:0,(anonymous_3)
FNDA:0,(anonymous_4)
FNDA:0,(anonymous_5)
FNDA:0,(anonymous_6)
FNDA:0,(anonymous_7)
FNDA:0,(anonymous_8)
FNDA:0,(anonymous_9)
FNDA:0,(anonymous_10)
FNDA:0,(anonymous_11)
FNDA:0,(anonymous_12)
DA:20,0
DA:27,0
DA:28,0
DA:29,0
DA:30,0
DA:32,0
DA:33,0
DA:35,0
DA:36,0
DA:38,0
DA:39,0
DA:40,0
DA:43,0
DA:44,0
DA:47,0
DA:48,0
DA:49,0
DA:52,0
DA:53,0
DA:54,0
DA:58,0
DA:59,0
DA:60,0
DA:61,0
DA:62,0
DA:63,0
DA:66,0
DA:67,0
DA:68,0
DA:70,0
DA:71,0
DA:74,0
DA:76,0
DA:78,0
DA:80,0
DA:81,0
DA:82,0
DA:86,0
DA:87,0
DA:88,0
DA:89,0
DA:90,0
DA:91,0
DA:94,0
DA:95,0
DA:97,0
DA:98,0
DA:99,0
DA:100,0
DA:102,0
DA:104,0
DA:105,0
DA:106,0
DA:108,0
DA:109,0
DA:110,0
DA:112,0
DA:113,0
DA:114,0
DA:116,0
DA:118,0
DA:119,0
DA:120,0
DA:122,0
DA:126,0
DA:138,0
DA:140,0
LF:67
LH:0
BRDA:21,0,0,0
BRDA:38,1,0,0
BRDA:38,2,0,0
BRDA:38,2,1,0
BRDA:43,3,0,0
BRDA:43,4,0,0
BRDA:43,4,1,0
BRDA:49,5,0,0
BRDA:49,5,1,0
BRDA:49,6,0,0
BRDA:49,6,1,0
BRDA:53,7,0,0
BRDA:63,8,0,0
BRDA:63,9,0,0
BRDA:63,9,1,0
BRDA:63,10,0,0
BRDA:63,10,1,0
BRDA:70,11,0,0
BRDA:76,12,0,0
BRDA:76,12,1,0
BRDA:95,13,0,0
BRDA:102,14,0,0
BRDA:102,14,1,0
BRDA:102,14,2,0
BRDA:102,14,3,0
BRDA:102,14,4,0
BRDA:105,15,0,0
BRDA:105,15,1,0
BRDA:109,16,0,0
BRDA:109,16,1,0
BRDA:113,17,0,0
BRDA:113,18,0,0
BRDA:113,18,1,0
BRDA:136,19,0,0
BRDA:136,19,1,0
BRF:35
BRH:0
end_of_record
TN:
SF:src\components\common\CurrencyDropDown\styled.ts
FN:22,(anonymous_0)
FN:47,(anonymous_1)
FN:56,(anonymous_2)
FN:67,(anonymous_3)
FN:68,(anonymous_4)
FN:69,(anonymous_5)
FN:70,(anonymous_6)
FN:71,(anonymous_7)
FN:79,(anonymous_8)
FN:82,(anonymous_9)
FN:85,(anonymous_10)
FNF:11
FNH:0
FNDA:0,(anonymous_0)
FNDA:0,(anonymous_1)
FNDA:0,(anonymous_2)
FNDA:0,(anonymous_3)
FNDA:0,(anonymous_4)
FNDA:0,(anonymous_5)
FNDA:0,(anonymous_6)
FNDA:0,(anonymous_7)
FNDA:0,(anonymous_8)
FNDA:0,(anonymous_9)
FNDA:0,(anonymous_10)
DA:12,0
DA:22,0
DA:37,0
DA:47,0
DA:57,0
DA:66,0
DA:67,0
DA:68,0
DA:69,0
DA:70,0
DA:71,0
DA:79,0
DA:83,0
DA:85,0
LF:14
LH:0
BRDA:57,0,0,0
BRDA:57,0,1,0
BRDA:83,1,0,0
BRDA:83,1,1,0
BRF:4
BRH:0
end_of_record
TN:
SF:src\components\common\ErrorBoundary\ErrorBoundary.tsx
FN:16,(anonymous_0)
FN:21,(anonymous_1)
FN:28,(anonymous_2)
FN:33,(anonymous_3)
FNF:4
FNH:0
FNDA:0,(anonymous_0)
FNDA:0,(anonymous_1)
FNDA:0,(anonymous_2)
FNDA:0,(anonymous_3)
DA:17,0
DA:18,0
DA:22,0
DA:23,0
DA:24,0
DA:29,0
DA:30,0
DA:34,0
DA:35,0
DA:38,0
LF:10
LH:0
BRDA:23,0,0,0
BRDA:34,1,0,0
BRDA:35,2,0,0
BRDA:35,2,1,0
BRF:4
BRH:0
end_of_record
TN:
SF:src\components\common\ErrorFallback\ErrorFallback.tsx
FN:7,(anonymous_0)
FNF:1
FNH:0
FNDA:0,(anonymous_0)
DA:1,1
DA:7,1
DA:8,0
LF:3
LH:2
BRDA:10,0,0,0
BRDA:10,0,1,0
BRF:2
BRH:0
end_of_record
TN:
SF:src\components\common\ErrorFallback\styled.ts
FN:4,(anonymous_1)
FN:5,(anonymous_2)
FN:6,(anonymous_3)
FN:15,(anonymous_4)
FNF:4
FNH:0
FNDA:0,(anonymous_1)
FNDA:0,(anonymous_2)
FNDA:0,(anonymous_3)
FNDA:0,(anonymous_4)
DA:1,1
DA:3,1
DA:4,0
DA:5,0
DA:6,0
DA:15,0
LF:6
LH:2
BRF:0
BRH:0
end_of_record
TN:
SF:src\components\common\Footer\Footer.tsx
FN:18,(anonymous_0)
FN:39,(anonymous_1)
FNF:2
FNH:0
FNDA:0,(anonymous_0)
FNDA:0,(anonymous_1)
DA:18,0
DA:19,0
DA:40,0
LF:3
LH:0
BRF:0
BRH:0
end_of_record
TN:
SF:src\components\common\Footer\FooterMenuBlock.tsx
FN:20,(anonymous_0)
FN:23,(anonymous_1)
FN:24,(anonymous_2)
FN:32,(anonymous_3)
FNF:4
FNH:0
FNDA:0,(anonymous_0)
FNDA:0,(anonymous_1)
FNDA:0,(anonymous_2)
FNDA:0,(anonymous_3)
DA:20,0
DA:21,0
DA:23,0
DA:24,0
DA:27,0
DA:33,0
LF:6
LH:0
BRDA:28,0,0,0
BRDA:28,0,1,0
BRF:2
BRH:0
end_of_record
TN:
SF:src\components\common\Footer\styled.ts
FN:6,(anonymous_0)
FN:7,(anonymous_1)
FN:7,(anonymous_2)
FN:13,(anonymous_3)
FN:16,(anonymous_4)
FN:23,(anonymous_5)
FN:32,(anonymous_6)
FN:39,(anonymous_7)
FN:51,(anonymous_8)
FN:63,(anonymous_9)
FN:64,(anonymous_10)
FN:65,(anonymous_11)
FN:70,(anonymous_12)
FN:71,(anonymous_13)
FN:74,(anonymous_14)
FN:79,(anonymous_15)
FN:80,(anonymous_16)
FN:81,(anonymous_17)
FN:91,(anonymous_18)
FN:103,(anonymous_19)
FN:108,(anonymous_20)
FN:114,(anonymous_21)
FN:115,(anonymous_22)
FN:116,(anonymous_23)
FN:122,(anonymous_24)
FN:123,(anonymous_25)
FN:142,(anonymous_26)
FN:147,(anonymous_27)
FN:168,(anonymous_28)
FN:169,(anonymous_29)
FN:170,(anonymous_30)
FN:174,(anonymous_31)
FN:178,(anonymous_32)
FN:184,(anonymous_33)
FN:185,(anonymous_34)
FN:186,(anonymous_35)
FN:187,(anonymous_36)
FN:191,(anonymous_37)
FNF:38
FNH:0
FNDA:0,(anonymous_0)
FNDA:0,(anonymous_1)
FNDA:0,(anonymous_2)
FNDA:0,(anonymous_3)
FNDA:0,(anonymous_4)
FNDA:0,(anonymous_5)
FNDA:0,(anonymous_6)
FNDA:0,(anonymous_7)
FNDA:0,(anonymous_8)
FNDA:0,(anonymous_9)
FNDA:0,(anonymous_10)
FNDA:0,(anonymous_11)
FNDA:0,(anonymous_12)
FNDA:0,(anonymous_13)
FNDA:0,(anonymous_14)
FNDA:0,(anonymous_15)
FNDA:0,(anonymous_16)
FNDA:0,(anonymous_17)
FNDA:0,(anonymous_18)
FNDA:0,(anonymous_19)
FNDA:0,(anonymous_20)
FNDA:0,(anonymous_21)
FNDA:0,(anonymous_22)
FNDA:0,(anonymous_23)
FNDA:0,(anonymous_24)
FNDA:0,(anonymous_25)
FNDA:0,(anonymous_26)
FNDA:0,(anonymous_27)
FNDA:0,(anonymous_28)
FNDA:0,(anonymous_29)
FNDA:0,(anonymous_30)
FNDA:0,(anonymous_31)
FNDA:0,(anonymous_32)
FNDA:0,(anonymous_33)
FNDA:0,(anonymous_34)
FNDA:0,(anonymous_35)
FNDA:0,(anonymous_36)
FNDA:0,(anonymous_37)
DA:5,0
DA:6,0
DA:7,0
DA:10,0
DA:13,0
DA:16,0
DA:20,0
DA:23,0
DA:32,0
DA:36,0
DA:39,0
DA:48,0
DA:51,0
DA:60,0
DA:63,0
DA:64,0
DA:65,0
DA:70,0
DA:71,0
DA:74,0
DA:78,0
DA:79,0
DA:80,0
DA:81,0
DA:88,0
DA:91,0
DA:100,0
DA:103,0
DA:108,0
DA:113,0
DA:114,0
DA:115,0
DA:116,0
DA:122,0
DA:123,0
DA:139,0
DA:142,0
DA:147,0
DA:163,0
DA:167,0
DA:168,0
DA:169,0
DA:170,0
DA:174,0
DA:178,0
DA:183,0
DA:184,0
DA:185,0
DA:186,0
DA:187,0
DA:191,0
LF:51
LH:0
BRF:0
BRH:0
end_of_record
TN:
SF:src\components\common\Header\Header.tsx
FN:8,(anonymous_0)
FN:18,(anonymous_1)
FNF:2
FNH:0
FNDA:0,(anonymous_0)
FNDA:0,(anonymous_1)
DA:8,0
DA:9,0
DA:19,0
LF:3
LH:0
BRF:0
BRH:0
end_of_record
TN:
SF:src\components\common\Header\styled.ts
FN:12,(anonymous_0)
FN:23,(anonymous_1)
FN:30,(anonymous_2)
FN:40,(anonymous_3)
FN:41,(anonymous_4)
FN:45,(anonymous_5)
FN:46,(anonymous_6)
FN:54,(anonymous_7)
FNF:8
FNH:0
FNDA:0,(anonymous_0)
FNDA:0,(anonymous_1)
FNDA:0,(anonymous_2)
FNDA:0,(anonymous_3)
FNDA:0,(anonymous_4)
FNDA:0,(anonymous_5)
FNDA:0,(anonymous_6)
FNDA:0,(anonymous_7)
DA:4,0
DA:10,0
DA:12,0
DA:19,0
DA:23,0
DA:26,0
DA:30,0
DA:39,0
DA:40,0
DA:41,0
DA:45,0
DA:46,0
DA:54,0
LF:13
LH:0
BRF:0
BRH:0
end_of_record
TN:
SF:src\components\common\Modal\Modal.tsx
FN:17,(anonymous_0)
FN:29,(anonymous_1)
FN:30,(anonymous_2)
FN:41,(anonymous_3)
FNF:4
FNH:3
FNDA:10,(anonymous_0)
FNDA:4,(anonymous_1)
FNDA:0,(anonymous_2)
FNDA:4,(anonymous_3)
DA:1,1
DA:2,1
DA:3,1
DA:4,1
DA:5,1
DA:17,1
DA:26,10
DA:27,10
DA:29,10
DA:30,4
DA:31,0
DA:33,0
DA:34,0
DA:38,4
DA:39,4
DA:41,4
DA:42,4
DA:43,4
DA:47,10
DA:49,10
LF:20
LH:17
BRDA:31,0,0,0
BRDA:31,1,0,0
BRDA:31,1,1,0
BRDA:33,2,0,0
BRDA:39,3,0,4
BRDA:39,3,1,0
BRDA:47,4,0,0
BRDA:61,5,0,0
BRDA:61,5,1,10
BRF:9
BRH:2
end_of_record
TN:
SF:src\components\common\Modal\styled.ts
FN:9,(anonymous_9)
FN:15,(anonymous_10)
FN:16,(anonymous_11)
FN:18,(anonymous_12)
FN:26,(anonymous_13)
FN:36,(anonymous_14)
FN:40,(anonymous_15)
FN:41,(anonymous_16)
FN:42,(anonymous_17)
FN:45,(anonymous_18)
FN:51,(anonymous_19)
FN:52,(anonymous_20)
FN:53,(anonymous_21)
FN:54,(anonymous_22)
FN:62,(anonymous_23)
FN:63,(anonymous_24)
FN:67,(anonymous_25)
FN:68,(anonymous_26)
FN:69,(anonymous_27)
FN:70,(anonymous_28)
FN:72,(anonymous_29)
FN:73,(anonymous_30)
FN:79,(anonymous_31)
FN:83,(anonymous_32)
FNF:24
FNH:0
FNDA:0,(anonymous_9)
FNDA:0,(anonymous_10)
FNDA:0,(anonymous_11)
FNDA:0,(anonymous_12)
FNDA:0,(anonymous_13)
FNDA:0,(anonymous_14)
FNDA:0,(anonymous_15)
FNDA:0,(anonymous_16)
FNDA:0,(anonymous_17)
FNDA:0,(anonymous_18)
FNDA:0,(anonymous_19)
FNDA:0,(anonymous_20)
FNDA:0,(anonymous_21)
FNDA:0,(anonymous_22)
FNDA:0,(anonymous_23)
FNDA:0,(anonymous_24)
FNDA:0,(anonymous_25)
FNDA:0,(anonymous_26)
FNDA:0,(anonymous_27)
FNDA:0,(anonymous_28)
FNDA:0,(anonymous_29)
FNDA:0,(anonymous_30)
FNDA:0,(anonymous_31)
FNDA:0,(anonymous_32)
DA:1,1
DA:6,1
DA:9,0
DA:15,0
DA:16,0
DA:18,0
DA:27,0
DA:36,0
DA:39,1
DA:40,0
DA:41,0
DA:42,0
DA:45,0
DA:48,1
DA:51,0
DA:52,0
DA:53,0
DA:54,0
DA:62,0
DA:63,0
DA:66,1
DA:67,0
DA:68,0
DA:69,0
DA:70,0
DA:72,0
DA:73,0
DA:79,0
DA:83,0
LF:29
LH:5
BRDA:27,0,0,0
BRDA:27,0,1,0
BRF:2
BRH:0
end_of_record
TN:
SF:src\components\common\NotFoundSection\NotFoundSection.tsx
FN:3,(anonymous_0)
FNF:1
FNH:0
FNDA:0,(anonymous_0)
DA:3,0
DA:4,0
LF:2
LH:0
BRF:0
BRH:0
end_of_record
TN:
SF:src\components\common\NotFoundSection\styled.ts
FN:6,(anonymous_0)
FN:7,(anonymous_1)
FN:8,(anonymous_2)
FN:13,(anonymous_3)
FN:14,(anonymous_4)
FN:19,(anonymous_5)
FN:22,(anonymous_6)
FN:27,(anonymous_7)
FN:30,(anonymous_8)
FNF:9
FNH:0
FNDA:0,(anonymous_0)
FNDA:0,(anonymous_1)
FNDA:0,(anonymous_2)
FNDA:0,(anonymous_3)
FNDA:0,(anonymous_4)
FNDA:0,(anonymous_5)
FNDA:0,(anonymous_6)
FNDA:0,(anonymous_7)
FNDA:0,(anonymous_8)
DA:3,0
DA:6,0
DA:7,0
DA:8,0
DA:13,0
DA:14,0
DA:19,0
DA:22,0
DA:27,0
DA:30,0
LF:10
LH:0
BRF:0
BRH:0
end_of_record
TN:
SF:src\components\common\Overlay\Overlay.tsx
FN:8,(anonymous_0)
FNF:1
FNH:1
FNDA:10,(anonymous_0)
DA:1,1
DA:8,1
DA:9,10
LF:3
LH:3
BRF:0
BRH:0
end_of_record
TN:
SF:src\components\common\Overlay\styled.ts
FN:14,(anonymous_9)
FN:19,(anonymous_10)
FNF:2
FNH:0
FNDA:0,(anonymous_9)
FNDA:0,(anonymous_10)
DA:1,1
DA:7,1
DA:14,0
DA:20,0
LF:4
LH:2
BRDA:20,0,0,0
BRDA:20,0,1,0
BRF:2
BRH:0
end_of_record
TN:
SF:src\components\common\Popup\Popup.tsx
FN:12,(anonymous_0)
FN:17,(anonymous_1)
FN:20,(anonymous_2)
FN:22,(anonymous_3)
FN:25,(anonymous_4)
FNF:5
FNH:0
FNDA:0,(anonymous_0)
FNDA:0,(anonymous_1)
FNDA:0,(anonymous_2)
FNDA:0,(anonymous_3)
FNDA:0,(anonymous_4)
DA:12,0
DA:13,0
DA:14,0
DA:15,0
DA:17,0
DA:18,0
DA:20,0
DA:22,0
DA:25,0
DA:26,0
DA:29,0
LF:11
LH:0
BRDA:18,0,0,0
BRDA:26,1,0,0
BRF:2
BRH:0
end_of_record
TN:
SF:src\components\common\Popup\styled.ts
FN:15,(anonymous_0)
FN:16,(anonymous_1)
FN:17,(anonymous_2)
FN:20,(anonymous_3)
FN:24,(anonymous_4)
FN:27,(anonymous_5)
FN:30,(anonymous_6)
FN:42,(anonymous_7)
FN:43,(anonymous_8)
FN:48,(anonymous_9)
FN:55,(anonymous_10)
FN:56,(anonymous_11)
FN:57,(anonymous_12)
FN:58,(anonymous_13)
FN:62,(anonymous_14)
FN:63,(anonymous_15)
FN:64,(anonymous_16)
FNF:17
FNH:0
FNDA:0,(anonymous_0)
FNDA:0,(anonymous_1)
FNDA:0,(anonymous_2)
FNDA:0,(anonymous_3)
FNDA:0,(anonymous_4)
FNDA:0,(anonymous_5)
FNDA:0,(anonymous_6)
FNDA:0,(anonymous_7)
FNDA:0,(anonymous_8)
FNDA:0,(anonymous_9)
FNDA:0,(anonymous_10)
FNDA:0,(anonymous_11)
FNDA:0,(anonymous_12)
FNDA:0,(anonymous_13)
FNDA:0,(anonymous_14)
FNDA:0,(anonymous_15)
FNDA:0,(anonymous_16)
DA:8,0
DA:15,0
DA:16,0
DA:17,0
DA:20,0
DA:25,0
DA:27,0
DA:31,0
DA:41,0
DA:42,0
DA:43,0
DA:48,0
DA:53,0
DA:55,0
DA:56,0
DA:57,0
DA:58,0
DA:62,0
DA:63,0
DA:64,0
LF:20
LH:0
BRDA:25,0,0,0
BRDA:25,0,1,0
BRDA:31,1,0,0
BRDA:31,1,1,0
BRF:4
BRH:0
end_of_record
TN:
SF:src\components\common\ScrollToTop\ScrollToTop.tsx
FN:4,(anonymous_0)
FN:7,(anonymous_1)
FNF:2
FNH:0
FNDA:0,(anonymous_0)
FNDA:0,(anonymous_1)
DA:4,0
DA:5,0
DA:7,0
DA:8,0
DA:11,0
LF:5
LH:0
BRF:0
BRH:0
end_of_record
TN:
SF:src\components\common\Spinner\Spinner.tsx
FN:8,(anonymous_0)
FNF:1
FNH:0
FNDA:0,(anonymous_0)
DA:1,1
DA:8,1
DA:9,0
LF:3
LH:2
BRF:0
BRH:0
end_of_record
TN:
SF:src\components\common\Spinner\styled.ts
FN:17,(anonymous_1)
FN:18,(anonymous_2)
FN:23,(anonymous_3)
FNF:3
FNH:0
FNDA:0,(anonymous_1)
FNDA:0,(anonymous_2)
FNDA:0,(anonymous_3)
DA:1,1
DA:8,1
DA:16,1
DA:17,0
DA:18,0
DA:23,0
LF:6
LH:3
BRDA:17,0,0,0
BRDA:17,0,1,0
BRDA:18,1,0,0
BRDA:18,1,1,0
BRDA:23,2,0,0
BRDA:23,2,1,0
BRF:6
BRH:0
end_of_record
TN:
SF:src\components\common\ToggleButton\ToggleButton.tsx
FN:4,(anonymous_0)
FNF:1
FNH:1
FNDA:3,(anonymous_0)
DA:1,1
DA:2,1
DA:4,1
DA:5,3
DA:7,3
LF:5
LH:5
BRF:0
BRH:0
end_of_record
TN:
SF:src\components\common\ToggleButton\styled.ts
FN:12,(anonymous_1)
FN:13,(anonymous_2)
FN:14,(anonymous_3)
FN:16,(anonymous_4)
FN:24,(anonymous_5)
FN:25,(anonymous_6)
FN:30,(anonymous_7)
FN:31,(anonymous_8)
FN:32,(anonymous_9)
FN:34,(anonymous_10)
FN:38,(anonymous_11)
FN:43,(anonymous_12)
FN:44,(anonymous_13)
FN:45,(anonymous_14)
FNF:14
FNH:0
FNDA:0,(anonymous_1)
FNDA:0,(anonymous_2)
FNDA:0,(anonymous_3)
FNDA:0,(anonymous_4)
FNDA:0,(anonymous_5)
FNDA:0,(anonymous_6)
FNDA:0,(anonymous_7)
FNDA:0,(anonymous_8)
FNDA:0,(anonymous_9)
FNDA:0,(anonymous_10)
FNDA:0,(anonymous_11)
FNDA:0,(anonymous_12)
FNDA:0,(anonymous_13)
FNDA:0,(anonymous_14)
DA:1,1
DA:11,1
DA:12,0
DA:13,0
DA:15,0
DA:16,0
DA:24,0
DA:25,0
DA:29,1
DA:30,0
DA:31,0
DA:33,0
DA:34,0
DA:38,0
DA:43,0
DA:44,0
DA:45,0
LF:17
LH:3
BRDA:15,0,0,0
BRDA:15,0,1,0
BRDA:33,1,0,0
BRDA:33,1,1,0
BRDA:38,2,0,0
BRDA:38,2,1,0
BRDA:45,3,0,0
BRDA:45,3,1,0
BRF:8
BRH:0
end_of_record
TN:
SF:src\components\common\UpdateComponent\UpdateComponent.tsx
FN:6,(anonymous_0)
FNF:1
FNH:0
FNDA:0,(anonymous_0)
DA:6,0
DA:7,0
DA:9,0
DA:10,0
DA:12,0
LF:5
LH:0
BRDA:9,0,0,0
BRDA:9,0,1,0
BRDA:10,1,0,0
BRDA:10,1,1,0
BRDA:21,2,0,0
BRDA:21,2,1,0
BRF:6
BRH:0
end_of_record
TN:
SF:src\components\common\UpdateComponent\styled.ts
FN:6,(anonymous_0)
FN:8,(anonymous_1)
FN:12,(anonymous_2)
FN:28,(anonymous_3)
FN:59,(anonymous_4)
FN:75,(anonymous_5)
FN:76,(anonymous_6)
FN:77,(anonymous_7)
FN:80,(anonymous_8)
FNF:9
FNH:0
FNDA:0,(anonymous_0)
FNDA:0,(anonymous_1)
FNDA:0,(anonymous_2)
FNDA:0,(anonymous_3)
FNDA:0,(anonymous_4)
FNDA:0,(anonymous_5)
FNDA:0,(anonymous_6)
FNDA:0,(anonymous_7)
FNDA:0,(anonymous_8)
DA:3,0
DA:6,0
DA:8,0
DA:12,0
DA:16,0
DA:28,0
DA:55,0
DA:59,0
DA:74,0
DA:75,0
DA:76,0
DA:77,0
DA:80,0
LF:13
LH:0
BRF:0
BRH:0
end_of_record
TN:
SF:src\context\ObserverConext.tsx
FN:22,(anonymous_0)
FN:24,(anonymous_1)
FN:37,(anonymous_2)
FNF:3
FNH:0
FNDA:0,(anonymous_0)
FNDA:0,(anonymous_1)
FNDA:0,(anonymous_2)
DA:1,2
DA:2,2
DA:16,2
DA:22,2
DA:23,0
DA:24,0
DA:34,0
DA:37,2
DA:40,0
DA:41,0
DA:42,0
DA:44,0
LF:12
LH:5
BRDA:41,0,0,0
BRF:1
BRH:0
end_of_record
TN:
SF:src\context\ThemeContext.tsx
FN:15,(anonymous_0)
FN:21,(anonymous_1)
FN:26,(anonymous_2)
FNF:3
FNH:3
FNDA:3,(anonymous_0)
FNDA:9,(anonymous_1)
FNDA:1,(anonymous_2)
DA:1,2
DA:2,2
DA:3,2
DA:4,2
DA:6,2
DA:13,2
DA:15,2
DA:16,3
DA:17,3
DA:18,3
DA:21,2
DA:22,9
DA:26,9
DA:27,1
DA:28,1
DA:29,1
DA:32,9
LF:17
LH:17
BRDA:17,0,0,0
BRDA:23,1,0,1
BRDA:23,1,1,8
BRDA:23,2,0,9
BRDA:23,2,1,1
BRDA:27,3,0,0
BRDA:27,3,1,1
BRDA:34,4,0,8
BRDA:34,4,1,1
BRF:9
BRH:7
end_of_record
TN:
SF:src\hooks\useClickOutside.tsx
FN:3,useClickOutside
FN:7,(anonymous_1)
FN:8,(anonymous_2)
FN:14,(anonymous_3)
FNF:4
FNH:4
FNDA:12,useClickOutside
FNDA:11,(anonymous_1)
FNDA:1,(anonymous_2)
FNDA:11,(anonymous_3)
DA:1,1
DA:3,1
DA:7,12
DA:8,11
DA:9,1
DA:10,1
DA:13,11
DA:14,11
LF:8
LH:8
BRDA:9,0,0,1
BRDA:9,1,0,1
BRDA:9,1,1,1
BRF:3
BRH:3
end_of_record
TN:
SF:src\hooks\useConversion.tsx
FN:7,(anonymous_7)
FN:16,(anonymous_8)
FN:22,(anonymous_9)
FN:33,(anonymous_10)
FN:39,(anonymous_11)
FN:39,(anonymous_12)
FNF:6
FNH:6
FNDA:12,(anonymous_7)
FNDA:5,(anonymous_8)
FNDA:5,(anonymous_9)
FNDA:6,(anonymous_10)
FNDA:2,(anonymous_11)
FNDA:2,(anonymous_12)
DA:1,2
DA:2,2
DA:3,2
DA:5,2
DA:7,2
DA:11,12
DA:12,12
DA:13,12
DA:14,12
DA:16,12
DA:17,5
DA:18,5
DA:22,12
DA:23,5
DA:25,5
DA:27,5
DA:28,4
DA:29,4
DA:33,12
DA:34,6
DA:35,6
DA:36,6
DA:39,12
DA:40,2
DA:42,2
DA:43,0
DA:44,0
DA:47,2
DA:49,2
DA:50,2
DA:51,1
DA:52,1
DA:54,1
DA:55,1
DA:57,0
DA:60,1
DA:61,1
DA:63,2
DA:67,12
LF:39
LH:36
BRDA:17,0,0,5
BRDA:27,1,0,4
BRDA:29,2,0,4
BRDA:29,2,1,4
BRDA:40,3,0,2
BRDA:40,3,1,2
BRDA:40,3,2,2
BRDA:40,3,3,2
BRDA:42,4,0,0
BRDA:51,5,0,0
BRDA:51,5,1,1
BRDA:51,6,0,1
BRDA:51,6,1,1
BRDA:51,7,0,0
BRDA:51,7,1,1
BRDA:51,8,0,1
BRDA:51,8,1,1
BRDA:51,9,0,0
BRDA:51,9,1,1
BRDA:51,10,0,1
BRDA:51,10,1,1
BRDA:54,11,0,1
BRDA:54,11,1,0
BRDA:54,12,0,1
BRDA:54,12,1,1
BRF:25
BRH:20
end_of_record
TN:
SF:src\hooks\useCurrencySelection.tsx
FN:5,(anonymous_0)
FN:16,(anonymous_1)
FN:22,(anonymous_2)
FN:25,(anonymous_3)
FN:37,(anonymous_4)
FN:38,(anonymous_5)
FN:41,(anonymous_6)
FN:47,(anonymous_7)
FN:51,(anonymous_8)
FN:56,(anonymous_9)
FNF:10
FNH:10
FNDA:26,(anonymous_0)
FNDA:7,(anonymous_1)
FNDA:9,(anonymous_2)
FNDA:81,(anonymous_3)
FNDA:2,(anonymous_4)
FNDA:2,(anonymous_5)
FNDA:2,(anonymous_6)
FNDA:2,(anonymous_7)
FNDA:1,(anonymous_8)
FNDA:1,(anonymous_9)
DA:1,2
DA:3,2
DA:5,2
DA:9,26
DA:10,26
DA:11,26
DA:12,26
DA:14,26
DA:16,26
DA:17,7
DA:18,6
DA:22,26
DA:23,9
DA:25,9
DA:26,81
DA:28,18
DA:34,9
DA:37,26
DA:38,2
DA:41,26
DA:42,2
DA:43,2
DA:44,2
DA:47,26
DA:48,2
DA:51,26
DA:52,1
DA:53,1
DA:56,26
DA:57,1
DA:58,1
DA:60,0
DA:62,1
DA:65,26
DA:66,26
DA:68,26
LF:36
LH:35
BRDA:17,0,0,6
BRDA:26,1,0,63
BRDA:29,2,0,18
BRDA:29,2,1,18
BRDA:30,3,0,0
BRDA:30,3,1,18
BRDA:30,4,0,18
BRDA:30,4,1,18
BRDA:57,5,0,1
BRDA:57,5,1,0
BRDA:65,6,0,26
BRDA:65,6,1,8
BRF:12
BRH:10
end_of_record
TN:
SF:src\hooks\useDebounce.tsx
FN:3,(anonymous_0)
FN:6,(anonymous_1)
FN:7,(anonymous_2)
FN:11,(anonymous_3)
FNF:4
FNH:4
FNDA:26,(anonymous_0)
FNDA:9,(anonymous_1)
FNDA:7,(anonymous_2)
FNDA:9,(anonymous_3)
DA:1,2
DA:3,2
DA:4,26
DA:6,26
DA:7,9
DA:8,7
DA:11,9
DA:12,9
DA:16,26
LF:9
LH:9
BRF:0
BRH:0
end_of_record
TN:
SF:src\hooks\useLastUpdate.tsx
FN:7,(anonymous_0)
FNF:1
FNH:1
FNDA:7,(anonymous_0)
DA:1,1
DA:2,1
DA:3,1
DA:4,1
DA:7,1
DA:8,7
DA:10,7
DA:14,5
LF:8
LH:8
BRDA:10,0,0,7
BRDA:10,0,1,4
BRDA:11,1,0,1
BRDA:11,1,1,1
BRDA:11,2,0,4
BRDA:11,2,1,1
BRF:6
BRH:6
end_of_record
TN:
SF:src\hooks\useObserver.tsx
FN:5,useObserver
FN:8,(anonymous_1)
FN:10,(anonymous_2)
FN:14,(anonymous_3)
FNF:4
FNH:0
FNDA:0,useObserver
FNDA:0,(anonymous_1)
FNDA:0,(anonymous_2)
FNDA:0,(anonymous_3)
DA:1,1
DA:5,1
DA:6,0
DA:8,0
DA:9,0
DA:10,0
DA:13,0
DA:14,0
DA:17,0
LF:9
LH:2
BRF:0
BRH:0
end_of_record
TN:
SF:src\hooks\useQuery.tsx
FN:21,useQuery
FN:26,(anonymous_8)
FN:30,(anonymous_9)
FN:30,(anonymous_10)
FN:51,(anonymous_11)
FN:61,readCache
FNF:6
FNH:6
FNDA:8,useQuery
FNDA:5,(anonymous_8)
FNDA:3,(anonymous_9)
FNDA:3,(anonymous_10)
FNDA:5,(anonymous_11)
FNDA:5,readCache
DA:1,1
DA:2,1
DA:19,1
DA:21,1
DA:26,8
DA:27,8
DA:28,8
DA:30,8
DA:31,3
DA:32,3
DA:33,3
DA:34,3
DA:35,2
DA:40,2
DA:41,2
DA:43,2
DA:44,2
DA:46,1
DA:47,1
DA:51,8
DA:52,5
DA:53,5
DA:54,5
DA:56,5
DA:57,3
DA:62,5
DA:64,5
DA:65,5
DA:66,5
DA:68,4
DA:69,4
DA:70,2
DA:71,2
DA:72,2
DA:73,2
DA:74,1
DA:75,1
DA:78,0
DA:82,3
DA:85,8
LF:40
LH:39
BRDA:24,0,0,0
BRDA:54,1,0,5
BRDA:54,1,1,2
BRDA:56,2,0,3
BRDA:65,3,0,1
BRDA:65,3,1,4
BRDA:66,4,0,1
BRDA:66,5,0,5
BRDA:66,5,1,1
BRDA:69,6,0,2
BRDA:73,7,0,1
BRF:11
BRH:10
end_of_record
TN:
SF:src\pages\BankCardPage.tsx
FN:12,(anonymous_0)
FN:26,(anonymous_1)
FN:20,(anonymous_2)
FN:33,(anonymous_3)
FNF:4
FNH:0
FNDA:0,(anonymous_0)
FNDA:0,(anonymous_1)
FNDA:0,(anonymous_2)
FNDA:0,(anonymous_3)
DA:13,0
DA:15,0
DA:21,0
DA:22,0
DA:26,0
DA:27,0
DA:34,0
DA:36,0
LF:8
LH:0
BRDA:21,0,0,0
BRF:1
BRH:0
end_of_record
TN:
SF:src\pages\ContactsPage.tsx
FN:3,(anonymous_0)
FNF:1
FNH:0
FNDA:0,(anonymous_0)
DA:3,0
DA:4,0
LF:2
LH:0
BRF:0
BRH:0
end_of_record
TN:
SF:src\pages\HomePage.tsx
FN:12,(anonymous_0)
FN:20,(anonymous_1)
FN:28,(anonymous_2)
FN:33,(anonymous_3)
FNF:4
FNH:0
FNDA:0,(anonymous_0)
FNDA:0,(anonymous_1)
FNDA:0,(anonymous_2)
FNDA:0,(anonymous_3)
DA:12,0
DA:13,0
DA:14,0
DA:15,0
DA:17,0
DA:18,0
DA:20,0
DA:21,0
DA:22,0
DA:24,0
DA:25,0
DA:28,0
DA:29,0
DA:30,0
DA:33,0
DA:34,0
DA:37,0
LF:17
LH:0
BRDA:21,0,0,0
BRDA:24,1,0,0
BRDA:24,1,1,0
BRDA:24,2,0,0
BRDA:24,2,1,0
BRF:5
BRH:0
end_of_record
TN:
SF:src\pages\NotFoundPage.tsx
FN:3,(anonymous_0)
FNF:1
FNH:0
FNDA:0,(anonymous_0)
DA:3,0
DA:4,0
LF:2
LH:0
BRF:0
BRH:0
end_of_record
TN:
SF:src\pages\TimelinePage.tsx
FN:13,(anonymous_0)
FN:19,(anonymous_1)
FN:23,(anonymous_2)
FN:27,(anonymous_3)
FN:31,(anonymous_4)
FN:38,(anonymous_5)
FNF:6
FNH:0
FNDA:0,(anonymous_0)
FNDA:0,(anonymous_1)
FNDA:0,(anonymous_2)
FNDA:0,(anonymous_3)
FNDA:0,(anonymous_4)
FNDA:0,(anonymous_5)
DA:14,0
DA:19,0
DA:20,0
DA:23,0
DA:24,0
DA:27,0
DA:28,0
DA:32,0
DA:34,0
DA:39,0
LF:10
LH:0
BRDA:20,0,0,0
BRDA:20,0,1,0
BRF:2
BRH:0
end_of_record
TN:
SF:src\patterns\observer\Subject.ts
FN:7,(anonymous_0)
FN:11,(anonymous_1)
FN:14,(anonymous_2)
FN:17,(anonymous_3)
FN:20,(anonymous_4)
FN:24,(anonymous_5)
FNF:6
FNH:1
FNDA:3,(anonymous_0)
FNDA:0,(anonymous_1)
FNDA:0,(anonymous_2)
FNDA:0,(anonymous_3)
FNDA:0,(anonymous_4)
FNDA:0,(anonymous_5)
DA:3,3
DA:4,3
DA:8,3
DA:12,0
DA:15,0
DA:18,0
DA:21,0
DA:22,0
DA:25,0
DA:26,0
LF:10
LH:3
BRF:0
BRH:0
end_of_record
TN:
SF:src\utils\chartConfig.ts
FN:10,(anonymous_0)
FN:79,(anonymous_1)
FN:119,(anonymous_2)
FN:126,(anonymous_3)
FNF:4
FNH:0
FNDA:0,(anonymous_0)
FNDA:0,(anonymous_1)
FNDA:0,(anonymous_2)
FNDA:0,(anonymous_3)
DA:2,1
DA:10,1
DA:14,0
DA:80,0
DA:81,0
DA:82,0
DA:121,0
DA:124,0
DA:127,0
DA:129,0
DA:136,0
DA:137,0
DA:139,0
LF:13
LH:2
BRDA:121,0,0,0
BRDA:121,0,1,0
BRDA:136,1,0,0
BRDA:136,1,1,0
BRDA:136,2,0,0
BRDA:136,2,1,0
BRF:6
BRH:0
end_of_record
TN:
SF:src\utils\chartMockData.ts
FN:14,(anonymous_0)
FN:29,(anonymous_1)
FN:44,(anonymous_2)
FNF:3
FNH:0
FNDA:0,(anonymous_0)
FNDA:0,(anonymous_1)
FNDA:0,(anonymous_2)
DA:1,1
DA:2,1
DA:14,1
DA:15,0
DA:16,0
DA:17,0
DA:19,0
DA:20,0
DA:21,0
DA:22,0
DA:23,0
DA:26,0
DA:29,1
DA:30,0
DA:31,0
DA:32,0
DA:33,0
DA:35,0
DA:44,1
DA:45,0
LF:20
LH:5
BRF:0
BRH:0
end_of_record
TN:
SF:src\utils\env.ts
FN:9,validateEnvVar
FNF:1
FNH:1
FNDA:25,validateEnvVar
DA:10,25
DA:11,0
DA:13,25
DA:16,5
LF:4
LH:3
BRDA:10,0,0,0
BRF:1
BRH:0
end_of_record
TN:
SF:src\utils\filterBanksLocations.ts
FN:3,(anonymous_0)
FN:11,(anonymous_1)
FN:12,(anonymous_2)
FNF:3
FNH:3
FNDA:6,(anonymous_0)
FNDA:15,(anonymous_1)
FNDA:48,(anonymous_2)
DA:3,1
DA:7,6
DA:9,4
DA:11,4
DA:12,48
LF:5
LH:5
BRDA:7,0,0,2
BRF:1
BRH:1
end_of_record
TN:
SF:src\utils\formatCurrencyData.ts
FN:9,(anonymous_0)
FNF:1
FNH:0
FNDA:0,(anonymous_0)
DA:1,2
DA:9,2
DA:10,0
DA:12,0
DA:13,0
DA:15,0
DA:24,0
LF:7
LH:2
BRDA:17,0,0,0
BRDA:17,0,1,0
BRDA:26,1,0,0
BRDA:26,1,1,0
BRDA:26,2,0,0
BRDA:26,2,1,0
BRF:6
BRH:0
end_of_record
TN:
SF:src\utils\formatTime.ts
FN:1,(anonymous_0)
FNF:1
FNH:1
FNDA:4,(anonymous_0)
DA:1,1
DA:2,4
DA:4,2
DA:6,2
LF:4
LH:4
BRDA:2,0,0,2
BRDA:4,1,0,1
BRDA:4,1,1,1
BRF:3
BRH:3
end_of_record
TN:
SF:src\utils\formatTimestamp.ts
FN:1,(anonymous_0)
FNF:1
FNH:1
FNDA:10,(anonymous_0)
DA:1,1
DA:2,10
LF:2
LH:2
BRDA:2,0,0,10
BRDA:2,0,1,0
BRF:2
BRH:1
end_of_record
TN:
SF:src\utils\isValidAmount.ts
FN:3,(anonymous_0)
FNF:1
FNH:1
FNDA:8,(anonymous_0)
DA:1,3
DA:3,3
DA:4,8
LF:3
LH:3
BRDA:4,0,0,8
BRDA:4,0,1,8
BRDA:4,0,2,7
BRF:3
BRH:3
end_of_record
TN:
SF:src\utils\localStorage.ts
FN:6,(anonymous_0)
FN:15,(anonymous_1)
FN:26,(anonymous_2)
FN:34,(anonymous_3)
FNF:4
FNH:2
FNDA:1,(anonymous_0)
FNDA:9,(anonymous_1)
FNDA:0,(anonymous_2)
FNDA:0,(anonymous_3)
DA:7,1
DA:8,1
DA:9,1
DA:11,0
DA:16,9
DA:17,9
DA:18,9
DA:19,9
DA:21,0
DA:22,0
DA:27,0
DA:28,0
DA:30,0
DA:35,0
DA:36,0
DA:38,0
DA:43,3
LF:17
LH:8
BRDA:18,0,0,1
BRDA:18,0,1,8
BRF:2
BRH:2
end_of_record
TN:
SF:src\utils\mapConfig.ts
FN:4,(anonymous_0)
FNF:1
FNH:0
FNDA:0,(anonymous_0)
DA:4,0
LF:1
LH:0
BRF:0
BRH:0
end_of_record
TN:
SF:src\utils\parseChartData.ts
FN:3,(anonymous_0)
FN:4,(anonymous_1)
FNF:2
FNH:0
FNDA:0,(anonymous_0)
FNDA:0,(anonymous_1)
DA:3,1
DA:4,0
LF:2
LH:1
BRF:0
BRH:0
end_of_record
TN:
SF:src\utils\parseToFloat.ts
FN:1,(anonymous_0)
FN:2,(anonymous_1)
FNF:2
FNH:2
FNDA:2,(anonymous_0)
FNDA:8,(anonymous_1)
DA:1,1
DA:2,8
LF:2
LH:2
BRF:0
BRH:0
end_of_record
TN:
SF:src\utils\schema.ts
FNF:0
FNH:0
DA:3,0
DA:5,0
LF:2
LH:0
BRF:0
BRH:0
end_of_record
